{"message":"IP: ::1, Username: testuser, User Type: Registered, Action: Logged In, Cookie: {\"originalMaxAge\":null,\"expires\":null,\"secure\":false,\"httpOnly\":true,\"path\":\"/\"}","level":"info","timestamp":"2021-05-12T04:36:02.698Z"}
{"message":"IP: ::1, Username: testuser, User Type: 2, Action: Retrieved User Scores (Easy, Medium, Hard), Cookie: {\"originalMaxAge\":null,\"expires\":null,\"secure\":false,\"httpOnly\":true,\"path\":\"/\"}","level":"info","timestamp":"2021-05-12T04:36:08.260Z"}
{"message":"IP: ::ffff:127.0.0.1, Username: testuser, User Type: Registered, Action: Logged In, Cookie: {\"originalMaxAge\":null,\"expires\":null,\"secure\":false,\"httpOnly\":true,\"path\":\"/\"}","level":"info","timestamp":"2021-05-12T04:37:17.347Z"}
{"message":"IP: ::ffff:127.0.0.1, Username: testuser, User Type: Registered, Action: Logged In, Cookie: {\"originalMaxAge\":null,\"expires\":null,\"secure\":false,\"httpOnly\":true,\"path\":\"/\"}","level":"info","timestamp":"2021-05-12T04:38:13.573Z"}
{"message":"IP: ::ffff:127.0.0.1, Username: testuser, User Type: Registered, Action: Logged In, Cookie: {\"originalMaxAge\":null,\"expires\":null,\"secure\":false,\"httpOnly\":true,\"path\":\"/\"}","level":"info","timestamp":"2021-05-12T04:39:16.774Z"}
{"message":"IP: ::1, Username: KingCob, User Type: Administrator, Action: Logged In,  Cookie: {\"originalMaxAge\":null,\"expires\":null,\"secure\":false,\"httpOnly\":true,\"path\":\"/\"}","level":"info","timestamp":"2021-05-15T09:08:07.182Z"}
{"message":"IP: ::1, Username: KingCob, User Type: 1, Action: Retrieved User Scores (Easy, Medium, Hard), Cookie: {\"originalMaxAge\":null,\"expires\":null,\"secure\":false,\"httpOnly\":true,\"path\":\"/\"}","level":"info","timestamp":"2021-05-15T09:08:19.691Z"}
{"message":"IP: ::1, Username: KingCob, User Type: Anonymous, Action: Retrieved User Scores (Easy, Medium, Hard), Cookie: {\"originalMaxAge\":null,\"expires\":null,\"secure\":false,\"httpOnly\":true,\"path\":\"/\"}","level":"info","timestamp":"2021-05-15T09:08:19.692Z"}
{"message":"IP: ::1, Username: KingCob, User Type: 1, Action: Retrieved User Scores (Easy, Medium, Hard), Cookie: {\"originalMaxAge\":null,\"expires\":null,\"secure\":false,\"httpOnly\":true,\"path\":\"/\"}","level":"info","timestamp":"2021-05-15T09:08:30.783Z"}
{"message":"IP: ::1, Username: KingCob, User Type: Anonymous, Action: Retrieved User Scores (Easy, Medium, Hard), Cookie: {\"originalMaxAge\":null,\"expires\":null,\"secure\":false,\"httpOnly\":true,\"path\":\"/\"}","level":"info","timestamp":"2021-05-15T09:08:30.783Z"}
{"message":"IP: ::1, Username: KingCob, User Type: 1, Action: Retrieved User Scores (Easy, Medium, Hard), Cookie: {\"originalMaxAge\":null,\"expires\":null,\"secure\":false,\"httpOnly\":true,\"path\":\"/\"}","level":"info","timestamp":"2021-05-15T09:10:04.370Z"}
{"message":"IP: ::1, Username: KingCob, User Type: Anonymous, Action: Retrieved User Scores (Easy, Medium, Hard), Cookie: {\"originalMaxAge\":null,\"expires\":null,\"secure\":false,\"httpOnly\":true,\"path\":\"/\"}","level":"info","timestamp":"2021-05-15T09:10:04.370Z"}
{"message":"IP: ::1, Username: KingCob, User Type: 1, Action: Retrieved User Scores (Easy, Medium, Hard), Cookie: {\"originalMaxAge\":null,\"expires\":null,\"secure\":false,\"httpOnly\":true,\"path\":\"/\"}","level":"info","timestamp":"2021-05-15T09:10:35.435Z"}
{"message":"IP: ::1, Username: KingCob, User Type: Anonymous, Action: Retrieved User Scores (Easy, Medium, Hard), Cookie: {\"originalMaxAge\":null,\"expires\":null,\"secure\":false,\"httpOnly\":true,\"path\":\"/\"}","level":"info","timestamp":"2021-05-15T09:10:35.435Z"}
{"message":"IP: ::1, Username: KingCob, User Type: 1, Action: Retrieved User Scores (Easy, Medium, Hard), Cookie: {\"originalMaxAge\":null,\"expires\":null,\"secure\":false,\"httpOnly\":true,\"path\":\"/\"}","level":"info","timestamp":"2021-05-15T09:10:49.927Z"}
{"message":"IP: ::1, Username: KingCob, User Type: Anonymous, Action: Retrieved User Scores (Easy, Medium, Hard), Cookie: {\"originalMaxAge\":null,\"expires\":null,\"secure\":false,\"httpOnly\":true,\"path\":\"/\"}","level":"info","timestamp":"2021-05-15T09:10:49.927Z"}
{"message":"IP: ::1, Username: KingCob, User Type: 1, Action: Retrieved User Scores (Easy, Medium, Hard), Cookie: {\"originalMaxAge\":null,\"expires\":null,\"secure\":false,\"httpOnly\":true,\"path\":\"/\"}","level":"info","timestamp":"2021-05-15T09:12:18.116Z"}
{"message":"IP: ::1, Username: KingCob, User Type: Anonymous, Action: Retrieved User Scores (Easy, Medium, Hard), Cookie: {\"originalMaxAge\":null,\"expires\":null,\"secure\":false,\"httpOnly\":true,\"path\":\"/\"}","level":"info","timestamp":"2021-05-15T09:12:18.117Z"}
{"message":"IP: ::1, Username: KingCob, User Type: 1, Action: Retrieved User Scores (Easy, Medium, Hard), Cookie: {\"originalMaxAge\":null,\"expires\":null,\"secure\":false,\"httpOnly\":true,\"path\":\"/\"}","level":"info","timestamp":"2021-05-15T09:12:27.885Z"}
{"message":"IP: ::1, Username: KingCob, User Type: Anonymous, Action: Retrieved User Scores (Easy, Medium, Hard), Cookie: {\"originalMaxAge\":null,\"expires\":null,\"secure\":false,\"httpOnly\":true,\"path\":\"/\"}","level":"info","timestamp":"2021-05-15T09:12:27.885Z"}
{"message":"IP: ::1, Username: KingCob, User Type: 1, Action: Retrieved User Scores (Easy, Medium, Hard), Cookie: {\"originalMaxAge\":null,\"expires\":null,\"secure\":false,\"httpOnly\":true,\"path\":\"/\"}","level":"info","timestamp":"2021-05-15T09:15:56.325Z"}
{"message":"IP: ::1, Username: KingCob, User Type: Anonymous, Action: Retrieved User Scores (Easy, Medium, Hard), Cookie: {\"originalMaxAge\":null,\"expires\":null,\"secure\":false,\"httpOnly\":true,\"path\":\"/\"}","level":"info","timestamp":"2021-05-15T09:15:56.326Z"}
{"message":"IP: ::1, Username: KingCob, User Type: 1, Action: Retrieved User Scores (Easy, Medium, Hard), Cookie: {\"originalMaxAge\":null,\"expires\":null,\"secure\":false,\"httpOnly\":true,\"path\":\"/\"}","level":"info","timestamp":"2021-05-15T09:16:10.420Z"}
{"message":"IP: ::1, Username: KingCob, User Type: Anonymous, Action: Retrieved User Scores (Easy, Medium, Hard), Cookie: {\"originalMaxAge\":null,\"expires\":null,\"secure\":false,\"httpOnly\":true,\"path\":\"/\"}","level":"info","timestamp":"2021-05-15T09:16:10.420Z"}
{"message":"IP: ::1, Username: KingCob, User Type: 1, Action: Retrieved User Scores (Easy, Medium, Hard), Cookie: {\"originalMaxAge\":null,\"expires\":null,\"secure\":false,\"httpOnly\":true,\"path\":\"/\"}","level":"info","timestamp":"2021-05-15T09:16:50.282Z"}
{"message":"IP: ::1, Username: KingCob, User Type: Anonymous, Action: Retrieved User Scores (Easy, Medium, Hard), Cookie: {\"originalMaxAge\":null,\"expires\":null,\"secure\":false,\"httpOnly\":true,\"path\":\"/\"}","level":"info","timestamp":"2021-05-15T09:16:50.283Z"}
{"message":"IP: ::1, Username: KingCob, User Type: 1, Action: Retrieved User Scores (Easy, Medium, Hard), Cookie: {\"originalMaxAge\":null,\"expires\":null,\"secure\":false,\"httpOnly\":true,\"path\":\"/\"}","level":"info","timestamp":"2021-05-15T09:17:32.932Z"}
{"message":"IP: ::1, Username: KingCob, User Type: Anonymous, Action: Retrieved User Scores (Easy, Medium, Hard), Cookie: {\"originalMaxAge\":null,\"expires\":null,\"secure\":false,\"httpOnly\":true,\"path\":\"/\"}","level":"info","timestamp":"2021-05-15T09:17:32.932Z"}
{"message":"IP: ::1, Username: KingCob, User Type: 1, Action: Retrieved User Scores (Easy, Medium, Hard), Cookie: {\"originalMaxAge\":null,\"expires\":null,\"secure\":false,\"httpOnly\":true,\"path\":\"/\"}","level":"info","timestamp":"2021-05-15T09:17:50.462Z"}
{"message":"IP: ::1, Username: KingCob, User Type: Anonymous, Action: Retrieved User Scores (Easy, Medium, Hard), Cookie: {\"originalMaxAge\":null,\"expires\":null,\"secure\":false,\"httpOnly\":true,\"path\":\"/\"}","level":"info","timestamp":"2021-05-15T09:17:50.462Z"}
{"message":"IP: ::1, Username: KingCob, User Type: 1, Action: Retrieved User Scores (Easy, Medium, Hard), Cookie: {\"originalMaxAge\":null,\"expires\":null,\"secure\":false,\"httpOnly\":true,\"path\":\"/\"}","level":"info","timestamp":"2021-05-15T09:18:17.382Z"}
{"message":"IP: ::1, Username: KingCob, User Type: Anonymous, Action: Retrieved User Scores (Easy, Medium, Hard), Cookie: {\"originalMaxAge\":null,\"expires\":null,\"secure\":false,\"httpOnly\":true,\"path\":\"/\"}","level":"info","timestamp":"2021-05-15T09:18:17.382Z"}
{"message":"IP: ::1, Username: KingCob, User Type: 1, Action: Retrieved User Scores (Easy, Medium, Hard), Cookie: {\"originalMaxAge\":null,\"expires\":null,\"secure\":false,\"httpOnly\":true,\"path\":\"/\"}","level":"info","timestamp":"2021-05-15T09:18:25.948Z"}
{"message":"IP: ::1, Username: KingCob, User Type: Anonymous, Action: Retrieved User Scores (Easy, Medium, Hard), Cookie: {\"originalMaxAge\":null,\"expires\":null,\"secure\":false,\"httpOnly\":true,\"path\":\"/\"}","level":"info","timestamp":"2021-05-15T09:18:25.948Z"}
{"message":"IP: ::1, Username: KingCob, User Type: 1, Action: Retrieved User Scores (Easy, Medium, Hard), Cookie: {\"originalMaxAge\":null,\"expires\":null,\"secure\":false,\"httpOnly\":true,\"path\":\"/\"}","level":"info","timestamp":"2021-05-15T09:18:54.206Z"}
{"message":"IP: ::1, Username: KingCob, User Type: Anonymous, Action: Retrieved User Scores (Easy, Medium, Hard), Cookie: {\"originalMaxAge\":null,\"expires\":null,\"secure\":false,\"httpOnly\":true,\"path\":\"/\"}","level":"info","timestamp":"2021-05-15T09:18:54.206Z"}
{"message":"IP: ::1, Username: KingCob, User Type: 1, Action: Retrieved User Scores (Easy, Medium, Hard), Cookie: {\"originalMaxAge\":null,\"expires\":null,\"secure\":false,\"httpOnly\":true,\"path\":\"/\"}","level":"info","timestamp":"2021-05-15T09:20:36.134Z"}
{"message":"IP: ::1, Username: KingCob, User Type: Anonymous, Action: Retrieved User Scores (Easy, Medium, Hard), Cookie: {\"originalMaxAge\":null,\"expires\":null,\"secure\":false,\"httpOnly\":true,\"path\":\"/\"}","level":"info","timestamp":"2021-05-15T09:20:36.136Z"}
{"message":"IP: ::1, Username: KingCob, User Type: 1, Action: Retrieved User Scores (Easy, Medium, Hard), Cookie: {\"originalMaxAge\":null,\"expires\":null,\"secure\":false,\"httpOnly\":true,\"path\":\"/\"}","level":"info","timestamp":"2021-05-15T09:20:50.871Z"}
{"message":"IP: ::1, Username: KingCob, User Type: Anonymous, Action: Retrieved User Scores (Easy, Medium, Hard), Cookie: {\"originalMaxAge\":null,\"expires\":null,\"secure\":false,\"httpOnly\":true,\"path\":\"/\"}","level":"info","timestamp":"2021-05-15T09:20:50.871Z"}
{"message":"IP: ::1, Username: KingCob, User Type: 1, Action: Retrieved User Scores (Easy, Medium, Hard), Cookie: {\"originalMaxAge\":null,\"expires\":null,\"secure\":false,\"httpOnly\":true,\"path\":\"/\"}","level":"info","timestamp":"2021-05-15T09:21:13.117Z"}
{"message":"IP: ::1, Username: KingCob, User Type: Anonymous, Action: Retrieved User Scores (Easy, Medium, Hard), Cookie: {\"originalMaxAge\":null,\"expires\":null,\"secure\":false,\"httpOnly\":true,\"path\":\"/\"}","level":"info","timestamp":"2021-05-15T09:21:13.117Z"}
{"message":"IP: ::1, Username: KingCob, User Type: 1, Action: Retrieved User Scores (Easy, Medium, Hard), Cookie: {\"originalMaxAge\":null,\"expires\":null,\"secure\":false,\"httpOnly\":true,\"path\":\"/\"}","level":"info","timestamp":"2021-05-15T09:21:23.254Z"}
{"message":"IP: ::1, Username: KingCob, User Type: Anonymous, Action: Retrieved User Scores (Easy, Medium, Hard), Cookie: {\"originalMaxAge\":null,\"expires\":null,\"secure\":false,\"httpOnly\":true,\"path\":\"/\"}","level":"info","timestamp":"2021-05-15T09:21:23.254Z"}
{"message":"IP: ::1, Username: KingCob, User Type: 1, Action: Retrieved User Scores (Easy, Medium, Hard), Cookie: {\"originalMaxAge\":null,\"expires\":null,\"secure\":false,\"httpOnly\":true,\"path\":\"/\"}","level":"info","timestamp":"2021-05-15T09:21:51.068Z"}
{"message":"IP: ::1, Username: KingCob, User Type: Anonymous, Action: Retrieved User Scores (Easy, Medium, Hard), Cookie: {\"originalMaxAge\":null,\"expires\":null,\"secure\":false,\"httpOnly\":true,\"path\":\"/\"}","level":"info","timestamp":"2021-05-15T09:21:51.068Z"}
{"message":"IP: ::1, Username: KingCob, User Type: Anonymous, Action: Logged Out,  Cookie: {\"originalMaxAge\":null,\"expires\":null,\"secure\":false,\"httpOnly\":true,\"path\":\"/\"}","level":"info","timestamp":"2021-05-15T09:25:17.579Z"}
{"message":"IP: ::1, Username: KingCob, User Type: Administrator, Action: Logged In,  Cookie: {\"originalMaxAge\":null,\"expires\":null,\"secure\":false,\"httpOnly\":true,\"path\":\"/\"}","level":"info","timestamp":"2021-05-15T09:33:05.891Z"}
{"message":"IP: ::1, Username: KingCob, User Type: 1, Action: Retrieved User Scores (Easy, Medium, Hard), Cookie: {\"originalMaxAge\":null,\"expires\":null,\"secure\":false,\"httpOnly\":true,\"path\":\"/\"}","level":"info","timestamp":"2021-05-15T09:35:48.945Z"}
{"message":"IP: ::1, Username: KingCob, User Type: Anonymous, Action: Retrieved User Scores (Easy, Medium, Hard), Cookie: {\"originalMaxAge\":null,\"expires\":null,\"secure\":false,\"httpOnly\":true,\"path\":\"/\"}","level":"info","timestamp":"2021-05-15T09:35:48.945Z"}
{"message":"IP: ::1, Username: KingCob, User Type: 1, Action: Retrieved User Scores (Easy, Medium, Hard), Cookie: {\"originalMaxAge\":null,\"expires\":null,\"secure\":false,\"httpOnly\":true,\"path\":\"/\"}","level":"info","timestamp":"2021-05-15T09:36:41.495Z"}
{"message":"IP: ::1, Username: KingCob, User Type: Anonymous, Action: Retrieved User Scores (Easy, Medium, Hard), Cookie: {\"originalMaxAge\":null,\"expires\":null,\"secure\":false,\"httpOnly\":true,\"path\":\"/\"}","level":"info","timestamp":"2021-05-15T09:36:41.495Z"}
{"message":"IP: ::1, Username: KingCob, User Type: Administrator, Action: Logged In,  Cookie: {\"originalMaxAge\":null,\"expires\":null,\"secure\":false,\"httpOnly\":true,\"path\":\"/\"}","level":"info","timestamp":"2021-05-15T09:40:07.890Z"}
{"message":"IP: ::1, Username: KingCob, User Type: Administrator, Action: Logged In,  Cookie: {\"originalMaxAge\":null,\"expires\":null,\"secure\":false,\"httpOnly\":true,\"path\":\"/\"}","level":"info","timestamp":"2021-05-16T05:22:47.435Z"}
{"message":"IP: ::1, Username: KingCob, User Type: Administrator, Action: Logged In,  Cookie: {\"originalMaxAge\":null,\"expires\":null,\"secure\":false,\"httpOnly\":true,\"path\":\"/\"}","level":"info","timestamp":"2021-05-16T05:27:38.187Z"}
{"message":"IP: ::1, Username: KingCob, User Type: Anonymous, Action: Logged Out,  Cookie: {\"originalMaxAge\":null,\"expires\":null,\"secure\":false,\"httpOnly\":true,\"path\":\"/\"}","level":"info","timestamp":"2021-05-16T05:27:48.538Z"}
{"message":"IP: ::1, Username: KingCob, User Type: Administrator, Action: Logged In,  Cookie: {\"originalMaxAge\":null,\"expires\":null,\"secure\":false,\"httpOnly\":true,\"path\":\"/\"}","level":"info","timestamp":"2021-05-16T05:41:05.114Z"}
{"message":"IP: ::1, Username: KingCob, User Type: Administrator, Action: Logged In,  Cookie: {\"originalMaxAge\":null,\"expires\":null,\"secure\":false,\"httpOnly\":true,\"path\":\"/\"}","level":"info","timestamp":"2021-05-16T07:32:11.774Z"}
{"message":"IP: ::1, Username: KingCob, User Type: Administrator, Action: Logged In,  Cookie: {\"originalMaxAge\":null,\"expires\":null,\"secure\":false,\"httpOnly\":true,\"path\":\"/\"}","level":"info","timestamp":"2021-05-16T07:49:58.587Z"}
{"message":"IP: ::1, Username: KingCob, User Type: Administrator, Action: Logged In,  Cookie: {\"originalMaxAge\":null,\"expires\":null,\"secure\":false,\"httpOnly\":true,\"path\":\"/\"}","level":"info","timestamp":"2021-05-16T07:51:16.571Z"}
{"message":"IP: ::1, Username: KingCob, User Type: Administrator, Action: Logged In,  Cookie: {\"originalMaxAge\":null,\"expires\":null,\"secure\":false,\"httpOnly\":true,\"path\":\"/\"}","level":"info","timestamp":"2021-05-16T07:52:13.249Z"}
{"message":"IP: ::1, Username: KingCob, User Type: Administrator, Action: Logged In,  Cookie: {\"originalMaxAge\":null,\"expires\":null,\"secure\":false,\"httpOnly\":true,\"path\":\"/\"}","level":"info","timestamp":"2021-05-16T07:53:40.652Z"}
{"message":"IP: ::1, Username: KingCob, User Type: Administrator, Action: Logged In,  Cookie: {\"originalMaxAge\":null,\"expires\":null,\"secure\":false,\"httpOnly\":true,\"path\":\"/\"}","level":"info","timestamp":"2021-05-16T07:59:19.759Z"}
{"message":"IP: ::1, Username: KingCob, User Type: Administrator, Action: Logged In,  Cookie: {\"originalMaxAge\":null,\"expires\":null,\"secure\":false,\"httpOnly\":true,\"path\":\"/\"}","level":"info","timestamp":"2021-05-16T07:59:50.675Z"}
{"message":"IP: ::1, Username: KingCob, User Type: Administrator, Action: Logged In,  Cookie: {\"originalMaxAge\":null,\"expires\":null,\"secure\":false,\"httpOnly\":true,\"path\":\"/\"}","level":"info","timestamp":"2021-05-16T08:06:05.915Z"}
{"message":"IP: ::1, Username: KingCob, User Type: Administrator, Action: Logged In,  Cookie: {\"originalMaxAge\":null,\"expires\":null,\"secure\":false,\"httpOnly\":true,\"path\":\"/\"}","level":"info","timestamp":"2021-05-16T08:32:49.296Z"}
{"message":"IP: ::1, Username: KingCob, User Type: Administrator, Action: Logged In,  Cookie: {\"originalMaxAge\":null,\"expires\":null,\"secure\":false,\"httpOnly\":true,\"path\":\"/\"}","level":"info","timestamp":"2021-05-16T08:41:01.806Z"}
{"message":"IP: ::1, Username: KingCob, User Type: Administrator, Action: Logged In,  Cookie: {\"originalMaxAge\":null,\"expires\":null,\"secure\":false,\"httpOnly\":true,\"path\":\"/\"}","level":"info","timestamp":"2021-05-16T08:43:08.497Z"}
{"message":"IP: ::1, Username: KingCob, User Type: Administrator, Action: Logged In,  Cookie: {\"originalMaxAge\":null,\"expires\":null,\"secure\":false,\"httpOnly\":true,\"path\":\"/\"}","level":"info","timestamp":"2021-05-16T08:46:23.016Z"}
{"message":"IP: ::1, Username: KingCob, User Type: Administrator, Action: Logged In,  Cookie: {\"originalMaxAge\":null,\"expires\":null,\"secure\":false,\"httpOnly\":true,\"path\":\"/\"}","level":"info","timestamp":"2021-05-16T08:49:08.878Z"}
{"message":"IP: ::1, Username: KingCob, User Type: Administrator, Action: Logged In,  Cookie: {\"originalMaxAge\":null,\"expires\":null,\"secure\":false,\"httpOnly\":true,\"path\":\"/\"}","level":"info","timestamp":"2021-05-16T08:50:30.002Z"}
{"message":"IP: ::1, Username: KingCob, User Type: Administrator, Action: Logged In,  Cookie: {\"originalMaxAge\":null,\"expires\":null,\"secure\":false,\"httpOnly\":true,\"path\":\"/\"}","level":"info","timestamp":"2021-05-16T08:51:35.850Z"}
{"message":"IP: ::1, Username: KingCob, User Type: Administrator, Action: Logged In,  Cookie: {\"originalMaxAge\":null,\"expires\":null,\"secure\":false,\"httpOnly\":true,\"path\":\"/\"}","level":"info","timestamp":"2021-05-16T08:53:26.641Z"}
{"message":"IP: ::1, Username: KingCob, User Type: Administrator, Action: Logged In,  Cookie: {\"originalMaxAge\":null,\"expires\":null,\"secure\":false,\"httpOnly\":true,\"path\":\"/\"}","level":"info","timestamp":"2021-05-16T08:58:43.610Z"}
{"message":"IP: ::1, Username: KingCob, User Type: Administrator, Action: Logged In,  Cookie: {\"originalMaxAge\":null,\"expires\":null,\"secure\":false,\"httpOnly\":true,\"path\":\"/\"}","level":"info","timestamp":"2021-05-16T09:02:09.291Z"}
{"message":"IP: ::1, Username: KingCob, User Type: Administrator, Action: Logged In,  Cookie: {\"originalMaxAge\":null,\"expires\":null,\"secure\":false,\"httpOnly\":true,\"path\":\"/\"}","level":"info","timestamp":"2021-05-16T09:03:20.255Z"}
{"message":"IP: ::1, Username: KingCob, User Type: Administrator, Action: Logged In,  Cookie: {\"originalMaxAge\":null,\"expires\":null,\"secure\":false,\"httpOnly\":true,\"path\":\"/\"}","level":"info","timestamp":"2021-05-16T09:07:42.304Z"}
{"message":"IP: ::1, Username: KingCob, User Type: Administrator, Action: Logged In,  Cookie: {\"originalMaxAge\":null,\"expires\":null,\"secure\":false,\"httpOnly\":true,\"path\":\"/\"}","level":"info","timestamp":"2021-05-16T09:11:31.613Z"}
{"message":"IP: ::1, Username: KingCob, User Type: Administrator, Action: Logged In,  Cookie: {\"originalMaxAge\":null,\"expires\":null,\"secure\":false,\"httpOnly\":true,\"path\":\"/\"}","level":"info","timestamp":"2021-05-16T14:00:20.245Z"}
{"message":"IP: ::1, Username: KingCob, User Type: Administrator, Action: Logged In,  Cookie: {\"originalMaxAge\":null,\"expires\":null,\"secure\":false,\"httpOnly\":true,\"path\":\"/\"}","level":"info","timestamp":"2021-05-17T09:34:22.198Z"}
{"message":"IP: ::1, Username: delete, User Type: Registered, Action: Logged Out, Cookie: {\"originalMaxAge\":null,\"expires\":null,\"secure\":false,\"httpOnly\":true,\"path\":\"/\"}","level":"info","timestamp":"2021-05-17T10:52:45.043Z"}
{"message":"IP: ::1, Username: KingCob, User Type: Administrator, Action: Logged In,  Cookie: {\"originalMaxAge\":null,\"expires\":null,\"secure\":false,\"httpOnly\":true,\"path\":\"/\"}","level":"info","timestamp":"2021-05-17T10:53:05.237Z"}
{"message":"IP: ::1, Username: KingCob, User Type: Administrator, Action: Logged In,  Cookie: {\"originalMaxAge\":null,\"expires\":null,\"secure\":false,\"httpOnly\":true,\"path\":\"/\"}","level":"info","timestamp":"2021-05-17T10:54:50.835Z"}
{"message":"IP: ::1, Username: KingCob, User Type: Administrator, Action: Logged In,  Cookie: {\"originalMaxAge\":null,\"expires\":null,\"secure\":false,\"httpOnly\":true,\"path\":\"/\"}","level":"info","timestamp":"2021-05-17T10:58:00.719Z"}
{"message":"IP: ::1, Username: KingCob, User Type: Administrator, Action: Logged In,  Cookie: {\"originalMaxAge\":null,\"expires\":null,\"secure\":false,\"httpOnly\":true,\"path\":\"/\"}","level":"info","timestamp":"2021-05-17T11:06:07.808Z"}
{"message":"IP: ::1, Username: KingCob, User Type: Administrator, Action: Logged In,  Cookie: {\"originalMaxAge\":null,\"expires\":null,\"secure\":false,\"httpOnly\":true,\"path\":\"/\"}","level":"info","timestamp":"2021-05-17T11:22:14.549Z"}
{"message":"IP: ::1, Username: KingCob, User Type: Administrator, Action: Logged In,  Cookie: {\"originalMaxAge\":null,\"expires\":null,\"secure\":false,\"httpOnly\":true,\"path\":\"/\"}","level":"info","timestamp":"2021-05-17T11:33:00.083Z"}
{"message":"IP: ::1, Username: KingCob, User Type: Anonymous, Action: Logged Out,  Cookie: {\"originalMaxAge\":null,\"expires\":null,\"secure\":false,\"httpOnly\":true,\"path\":\"/\"}","level":"info","timestamp":"2021-05-17T11:36:33.375Z"}
{"message":"IP: ::1, Username: beergirl, User Type: Registered, Action: Logged Out, Cookie: {\"originalMaxAge\":null,\"expires\":null,\"secure\":false,\"httpOnly\":true,\"path\":\"/\"}","level":"info","timestamp":"2021-05-17T11:37:36.314Z"}
{"message":"IP: ::1, Username: delete, User Type: Registered, Action: Logged Out, Cookie: {\"originalMaxAge\":null,\"expires\":null,\"secure\":false,\"httpOnly\":true,\"path\":\"/\"}","level":"info","timestamp":"2021-05-17T11:38:39.075Z"}
{"message":"IP: ::1, Username: KingCob, User Type: Administrator, Action: Logged In,  Cookie: {\"originalMaxAge\":null,\"expires\":null,\"secure\":false,\"httpOnly\":true,\"path\":\"/\"}","level":"info","timestamp":"2021-05-17T11:40:46.645Z"}
{"message":"IP: ::1, Username: KingCob, User Type: Anonymous, Action: Logged Out,  Cookie: {\"originalMaxAge\":null,\"expires\":null,\"secure\":false,\"httpOnly\":true,\"path\":\"/\"}","level":"info","timestamp":"2021-05-17T11:45:59.961Z"}
{"message":"IP: ::1, Username: delete, User Type: Registered, Action: Logged Out, Cookie: {\"originalMaxAge\":null,\"expires\":null,\"secure\":false,\"httpOnly\":true,\"path\":\"/\"}","level":"info","timestamp":"2021-05-17T11:46:43.417Z"}
{"message":"IP: ::1, Username: delete2, User Type: Registered, Action: Logged Out, Cookie: {\"originalMaxAge\":null,\"expires\":null,\"secure\":false,\"httpOnly\":true,\"path\":\"/\"}","level":"info","timestamp":"2021-05-17T11:47:39.253Z"}
{"message":"IP: ::1, Username: KingCob, User Type: Administrator, Action: Logged In,  Cookie: {\"originalMaxAge\":null,\"expires\":null,\"secure\":false,\"httpOnly\":true,\"path\":\"/\"}","level":"info","timestamp":"2021-05-17T11:48:00.054Z"}
{"message":"IP: ::1, Username: KingCob, User Type: Anonymous, Action: Logged Out,  Cookie: {\"originalMaxAge\":null,\"expires\":null,\"secure\":false,\"httpOnly\":true,\"path\":\"/\"}","level":"info","timestamp":"2021-05-17T11:51:58.294Z"}
{"message":"IP: ::1, Username: KingCob, User Type: Administrator, Action: Logged In,  Cookie: {\"originalMaxAge\":null,\"expires\":null,\"secure\":false,\"httpOnly\":true,\"path\":\"/\"}","level":"info","timestamp":"2021-05-17T11:52:16.598Z"}
{"message":"IP: ::1, Username: KingCob, User Type: Administrator, Action: Logged In,  Cookie: {\"originalMaxAge\":null,\"expires\":null,\"secure\":false,\"httpOnly\":true,\"path\":\"/\"}","level":"info","timestamp":"2021-05-25T00:57:48.329Z"}
{"message":"IP: ::1, Username: KingCob, User Type: 1, Action: Retrieved User Scores (Easy, Medium, Hard), Cookie: {\"originalMaxAge\":null,\"expires\":null,\"secure\":false,\"httpOnly\":true,\"path\":\"/\"}","level":"info","timestamp":"2021-05-25T00:58:00.173Z"}
{"message":"IP: ::1, Username: KingCob, User Type: Anonymous, Action: Retrieved User Scores (Easy, Medium, Hard), Cookie: {\"originalMaxAge\":null,\"expires\":null,\"secure\":false,\"httpOnly\":true,\"path\":\"/\"}","level":"info","timestamp":"2021-05-25T00:58:00.173Z"}
{"message":"IP: ::1, Username: KingCob, User Type: Anonymous, Action: Logged Out,  Cookie: {\"originalMaxAge\":null,\"expires\":null,\"secure\":false,\"httpOnly\":true,\"path\":\"/\"}","level":"info","timestamp":"2021-05-25T01:15:43.674Z"}
{"message":"IP: ::1, Username: KingCob, User Type: Administrator, Action: Logged In,  Cookie: {\"originalMaxAge\":null,\"expires\":null,\"secure\":false,\"httpOnly\":true,\"path\":\"/\"}","level":"info","timestamp":"2021-05-25T01:18:19.289Z"}
{"message":"IP: ::1, Username: KingCob, User Type: Anonymous, Action: Logged Out,  Cookie: {\"originalMaxAge\":null,\"expires\":null,\"secure\":false,\"httpOnly\":true,\"path\":\"/\"}","level":"info","timestamp":"2021-05-25T01:20:40.962Z"}
{"message":"IP: ::1, Username: delete, User Type: Registered, Action: Logged Out, Cookie: {\"originalMaxAge\":null,\"expires\":null,\"secure\":false,\"httpOnly\":true,\"path\":\"/\"}","level":"info","timestamp":"2021-05-25T01:25:22.018Z"}
{"message":"IP: ::1, Username: KingCob, User Type: Administrator, Action: Logged In,  Cookie: {\"originalMaxAge\":null,\"expires\":null,\"secure\":false,\"httpOnly\":true,\"path\":\"/\"}","level":"info","timestamp":"2021-05-25T01:25:27.818Z"}
{"message":"IP: ::1, Username: KingCob, User Type: Anonymous, Action: Logged Out,  Cookie: {\"originalMaxAge\":null,\"expires\":null,\"secure\":false,\"httpOnly\":true,\"path\":\"/\"}","level":"info","timestamp":"2021-05-25T03:07:03.267Z"}
{"message":"IP: ::1, Username: delete, User Type: Registered, Action: Logged Out, Cookie: {\"originalMaxAge\":null,\"expires\":null,\"secure\":false,\"httpOnly\":true,\"path\":\"/\"}","level":"info","timestamp":"2021-05-25T03:07:26.275Z"}
{"message":"IP: ::1, Username: delete, User Type: Registered, Action: Logged In, Cookie: {\"originalMaxAge\":null,\"expires\":null,\"secure\":false,\"httpOnly\":true,\"path\":\"/\"}","level":"info","timestamp":"2021-05-25T03:07:32.486Z"}
{"message":"IP: ::1, Username: delete, User Type: Registered, Action: Logged Out, Cookie: {\"originalMaxAge\":null,\"expires\":null,\"secure\":false,\"httpOnly\":true,\"path\":\"/\"}","level":"info","timestamp":"2021-05-25T03:07:42.845Z"}
{"message":"IP: ::1, Username: KingCob, User Type: Administrator, Action: Logged In,  Cookie: {\"originalMaxAge\":null,\"expires\":null,\"secure\":false,\"httpOnly\":true,\"path\":\"/\"}","level":"info","timestamp":"2021-05-25T03:07:50.198Z"}
{"message":"IP: ::1, Username: KingCob, User Type: Anonymous, Action: Logged Out,  Cookie: {\"originalMaxAge\":null,\"expires\":null,\"secure\":false,\"httpOnly\":true,\"path\":\"/\"}","level":"info","timestamp":"2021-05-25T03:11:08.875Z"}
{"message":"IP: ::1, Username: delete, User Type: Registered, Action: Logged Out, Cookie: {\"originalMaxAge\":null,\"expires\":null,\"secure\":false,\"httpOnly\":true,\"path\":\"/\"}","level":"info","timestamp":"2021-05-25T03:11:28.588Z"}
{"message":"IP: ::1, Username: KingCob, User Type: Administrator, Action: Logged In,  Cookie: {\"originalMaxAge\":null,\"expires\":null,\"secure\":false,\"httpOnly\":true,\"path\":\"/\"}","level":"info","timestamp":"2021-05-25T03:11:35.407Z"}
{"message":"IP: ::1, Username: KingCob, User Type: Anonymous, Action: Logged Out,  Cookie: {\"originalMaxAge\":null,\"expires\":null,\"secure\":false,\"httpOnly\":true,\"path\":\"/\"}","level":"info","timestamp":"2021-05-25T03:13:04.913Z"}
{"message":"IP: ::1, Username: delete, User Type: Registered, Action: Logged Out, Cookie: {\"originalMaxAge\":null,\"expires\":null,\"secure\":false,\"httpOnly\":true,\"path\":\"/\"}","level":"info","timestamp":"2021-05-25T03:13:22.584Z"}
{"message":"IP: ::1, Username: KingCob, User Type: Administrator, Action: Logged In,  Cookie: {\"originalMaxAge\":null,\"expires\":null,\"secure\":false,\"httpOnly\":true,\"path\":\"/\"}","level":"info","timestamp":"2021-05-25T03:13:32.208Z"}
{"message":"IP: ::1, Username: KingCob, User Type: 1, Action: Retrieved User Scores (Easy, Medium, Hard), Cookie: {\"originalMaxAge\":null,\"expires\":null,\"secure\":false,\"httpOnly\":true,\"path\":\"/\"}","level":"info","timestamp":"2021-05-25T03:13:34.804Z"}
{"message":"IP: ::1, Username: KingCob, User Type: Anonymous, Action: Retrieved User Scores (Easy, Medium, Hard), Cookie: {\"originalMaxAge\":null,\"expires\":null,\"secure\":false,\"httpOnly\":true,\"path\":\"/\"}","level":"info","timestamp":"2021-05-25T03:13:34.804Z"}
{"message":"IP: ::1, Username: KingCob, User Type: Anonymous, Action: Logged Out,  Cookie: {\"originalMaxAge\":null,\"expires\":null,\"secure\":false,\"httpOnly\":true,\"path\":\"/\"}","level":"info","timestamp":"2021-05-25T03:15:44.313Z"}
{"message":"IP: ::1, Username: delete, User Type: Registered, Action: Logged Out, Cookie: {\"originalMaxAge\":null,\"expires\":null,\"secure\":false,\"httpOnly\":true,\"path\":\"/\"}","level":"info","timestamp":"2021-05-25T03:16:03.584Z"}
{"message":"IP: ::1, Username: KingCob, User Type: Administrator, Action: Logged In,  Cookie: {\"originalMaxAge\":null,\"expires\":null,\"secure\":false,\"httpOnly\":true,\"path\":\"/\"}","level":"info","timestamp":"2021-05-25T03:16:09.477Z"}
{"message":"IP: ::1, Username: KingCob, User Type: Anonymous, Action: Logged Out,  Cookie: {\"originalMaxAge\":null,\"expires\":null,\"secure\":false,\"httpOnly\":true,\"path\":\"/\"}","level":"info","timestamp":"2021-05-25T03:19:08.094Z"}
{"message":"IP: ::1, Username: delete, User Type: Registered, Action: Logged Out, Cookie: {\"originalMaxAge\":null,\"expires\":null,\"secure\":false,\"httpOnly\":true,\"path\":\"/\"}","level":"info","timestamp":"2021-05-25T03:19:28.651Z"}
{"message":"IP: ::1, Username: KingCob, User Type: Administrator, Action: Logged In,  Cookie: {\"originalMaxAge\":null,\"expires\":null,\"secure\":false,\"httpOnly\":true,\"path\":\"/\"}","level":"info","timestamp":"2021-05-25T03:19:34.043Z"}
{"message":"IP: ::1, Username: KingCob, User Type: Anonymous, Action: Logged Out,  Cookie: {\"originalMaxAge\":null,\"expires\":null,\"secure\":false,\"httpOnly\":true,\"path\":\"/\"}","level":"info","timestamp":"2021-05-25T03:21:22.945Z"}
{"message":"IP: ::1, Username: delete, User Type: Registered, Action: Logged Out, Cookie: {\"originalMaxAge\":null,\"expires\":null,\"secure\":false,\"httpOnly\":true,\"path\":\"/\"}","level":"info","timestamp":"2021-05-25T03:21:47.387Z"}
{"message":"IP: ::1, Username: KingCob, User Type: Administrator, Action: Logged In,  Cookie: {\"originalMaxAge\":null,\"expires\":null,\"secure\":false,\"httpOnly\":true,\"path\":\"/\"}","level":"info","timestamp":"2021-05-25T03:22:14.284Z"}
{"message":"IP: ::1, Username: delete, User Type: Registered, Action: Logged Out, Cookie: {\"originalMaxAge\":null,\"expires\":null,\"secure\":false,\"httpOnly\":true,\"path\":\"/\"}","level":"info","timestamp":"2021-05-25T03:25:38.458Z"}
{"message":"IP: ::1, Username: delete, User Type: Registered, Action: Logged In, Cookie: {\"originalMaxAge\":null,\"expires\":null,\"secure\":false,\"httpOnly\":true,\"path\":\"/\"}","level":"info","timestamp":"2021-05-25T03:25:52.402Z"}
{"message":"IP: ::1, Username: delete, User Type: Registered, Action: Logged Out, Cookie: {\"originalMaxAge\":null,\"expires\":null,\"secure\":false,\"httpOnly\":true,\"path\":\"/\"}","level":"info","timestamp":"2021-05-25T03:25:54.232Z"}
{"message":"IP: ::1, Username: KingCob, User Type: Administrator, Action: Logged In,  Cookie: {\"originalMaxAge\":null,\"expires\":null,\"secure\":false,\"httpOnly\":true,\"path\":\"/\"}","level":"info","timestamp":"2021-05-25T03:26:04.669Z"}
{"message":"IP: ::1, Username: KingCob, User Type: Anonymous, Action: Logged Out,  Cookie: {\"originalMaxAge\":null,\"expires\":null,\"secure\":false,\"httpOnly\":true,\"path\":\"/\"}","level":"info","timestamp":"2021-05-25T03:32:37.728Z"}
{"message":"IP: ::1, Username: delete, User Type: Registered, Action: Logged Out, Cookie: {\"originalMaxAge\":null,\"expires\":null,\"secure\":false,\"httpOnly\":true,\"path\":\"/\"}","level":"info","timestamp":"2021-05-25T03:33:39.137Z"}
{"message":"IP: ::1, Username: KingCob, User Type: Administrator, Action: Logged In,  Cookie: {\"originalMaxAge\":null,\"expires\":null,\"secure\":false,\"httpOnly\":true,\"path\":\"/\"}","level":"info","timestamp":"2021-05-25T03:33:48.790Z"}
{"message":"IP: ::1, Username: KingCob, User Type: Anonymous, Action: Logged Out,  Cookie: {\"originalMaxAge\":null,\"expires\":null,\"secure\":false,\"httpOnly\":true,\"path\":\"/\"}","level":"info","timestamp":"2021-05-25T03:58:06.536Z"}
{"message":"IP: ::1, Username: delete, User Type: Registered, Action: Logged Out, Cookie: {\"originalMaxAge\":null,\"expires\":null,\"secure\":false,\"httpOnly\":true,\"path\":\"/\"}","level":"info","timestamp":"2021-05-25T03:58:45.096Z"}
{"message":"IP: ::1, Username: KingCob, User Type: Administrator, Action: Logged In,  Cookie: {\"originalMaxAge\":null,\"expires\":null,\"secure\":false,\"httpOnly\":true,\"path\":\"/\"}","level":"info","timestamp":"2021-05-25T03:58:53.866Z"}
{"message":"IP: ::1, Username: KingCob, User Type: Anonymous, Action: Logged Out,  Cookie: {\"originalMaxAge\":null,\"expires\":null,\"secure\":false,\"httpOnly\":true,\"path\":\"/\"}","level":"info","timestamp":"2021-05-25T04:13:40.822Z"}
{"message":"IP: ::1, Username: delete, User Type: Registered, Action: Logged Out, Cookie: {\"originalMaxAge\":null,\"expires\":null,\"secure\":false,\"httpOnly\":true,\"path\":\"/\"}","level":"info","timestamp":"2021-05-25T04:14:04.630Z"}
{"message":"IP: ::1, Username: KingCob, User Type: Administrator, Action: Logged In,  Cookie: {\"originalMaxAge\":null,\"expires\":null,\"secure\":false,\"httpOnly\":true,\"path\":\"/\"}","level":"info","timestamp":"2021-05-25T04:14:11.320Z"}
{"message":"IP: ::1, Username: KingCob, User Type: 1, Action: Retrieved User Scores (Easy, Medium, Hard), Cookie: {\"originalMaxAge\":null,\"expires\":null,\"secure\":false,\"httpOnly\":true,\"path\":\"/\"}","level":"info","timestamp":"2021-05-25T04:16:44.638Z"}
{"message":"IP: ::1, Username: KingCob, User Type: Anonymous, Action: Retrieved User Scores (Easy, Medium, Hard), Cookie: {\"originalMaxAge\":null,\"expires\":null,\"secure\":false,\"httpOnly\":true,\"path\":\"/\"}","level":"info","timestamp":"2021-05-25T04:16:44.638Z"}
{"message":"IP: ::1, Username: KingCob, User Type: Anonymous, Action: Logged Out,  Cookie: {\"originalMaxAge\":null,\"expires\":null,\"secure\":false,\"httpOnly\":true,\"path\":\"/\"}","level":"info","timestamp":"2021-05-25T04:23:44.339Z"}
{"message":"IP: ::ffff:127.0.0.1, Username: testuser, User Type: Registered, Action: Logged In, Cookie: {\"originalMaxAge\":null,\"expires\":null,\"secure\":false,\"httpOnly\":true,\"path\":\"/\"}","level":"info","timestamp":"2021-05-25T04:33:31.197Z"}
{"message":"IP: ::ffff:127.0.0.1, Username: testuser, User Type: Registered, Action: Logged In, Cookie: {\"originalMaxAge\":null,\"expires\":null,\"secure\":false,\"httpOnly\":true,\"path\":\"/\"}","level":"info","timestamp":"2021-05-25T04:49:50.025Z"}
{"message":"IP: ::ffff:127.0.0.1, Username: testuser, User Type: Registered, Action: Logged In, Cookie: {\"originalMaxAge\":null,\"expires\":null,\"secure\":false,\"httpOnly\":true,\"path\":\"/\"}","level":"info","timestamp":"2021-05-25T04:52:03.902Z"}
{"message":"IP: ::ffff:127.0.0.1, Username: testuser, User Type: Registered, Action: Logged In, Cookie: {\"originalMaxAge\":null,\"expires\":null,\"secure\":false,\"httpOnly\":true,\"path\":\"/\"}","level":"info","timestamp":"2021-05-25T04:54:18.044Z"}
{"message":"IP: ::ffff:127.0.0.1, Username: testuser, User Type: Registered, Action: Logged In, Cookie: {\"originalMaxAge\":null,\"expires\":null,\"secure\":false,\"httpOnly\":true,\"path\":\"/\"}","level":"info","timestamp":"2021-05-25T04:55:37.128Z"}
{"message":"IP: ::ffff:127.0.0.1, Username: testuser, User Type: Registered, Action: Logged In, Cookie: {\"originalMaxAge\":null,\"expires\":null,\"secure\":false,\"httpOnly\":true,\"path\":\"/\"}","level":"info","timestamp":"2021-05-25T04:55:37.345Z"}
{"message":"IP: ::ffff:127.0.0.1, Username: testuser, User Type: Registered, Action: Logged In, Cookie: {\"originalMaxAge\":null,\"expires\":null,\"secure\":false,\"httpOnly\":true,\"path\":\"/\"}","level":"info","timestamp":"2021-05-25T04:57:16.505Z"}
{"message":"IP: ::ffff:127.0.0.1, Username: testuser, User Type: Registered, Action: Logged In, Cookie: {\"originalMaxAge\":null,\"expires\":null,\"secure\":false,\"httpOnly\":true,\"path\":\"/\"}","level":"info","timestamp":"2021-05-25T04:57:16.722Z"}
{"message":"IP: ::ffff:127.0.0.1, Username: testuser, User Type: 2, Action: Retrieved User Scores (Easy, Medium, Hard), Cookie: {\"originalMaxAge\":null,\"expires\":null,\"secure\":false,\"httpOnly\":true,\"path\":\"/\"}","level":"info","timestamp":"2021-05-25T04:57:16.735Z"}
{"message":"IP: ::ffff:127.0.0.1, Username: testuser, User Type: Registered, Action: Retrieved User Scores (Easy, Medium, Hard), Cookie: {\"originalMaxAge\":null,\"expires\":null,\"secure\":false,\"httpOnly\":true,\"path\":\"/\"}","level":"info","timestamp":"2021-05-25T04:57:16.735Z"}
{"message":"IP: ::ffff:127.0.0.1, Username: testuser, User Type: Registered, Action: Logged In, Cookie: {\"originalMaxAge\":null,\"expires\":null,\"secure\":false,\"httpOnly\":true,\"path\":\"/\"}","level":"info","timestamp":"2021-05-25T04:59:35.951Z"}
{"message":"IP: ::ffff:127.0.0.1, Username: testuser, User Type: Registered, Action: Logged In, Cookie: {\"originalMaxAge\":null,\"expires\":null,\"secure\":false,\"httpOnly\":true,\"path\":\"/\"}","level":"info","timestamp":"2021-05-25T04:59:36.162Z"}
{"message":"IP: ::ffff:127.0.0.1, Username: testuser, User Type: 2, Action: Retrieved User Scores (Easy, Medium, Hard), Cookie: {\"originalMaxAge\":null,\"expires\":null,\"secure\":false,\"httpOnly\":true,\"path\":\"/\"}","level":"info","timestamp":"2021-05-25T04:59:36.180Z"}
{"message":"IP: ::ffff:127.0.0.1, Username: testuser, User Type: Registered, Action: Retrieved User Scores (Easy, Medium, Hard), Cookie: {\"originalMaxAge\":null,\"expires\":null,\"secure\":false,\"httpOnly\":true,\"path\":\"/\"}","level":"info","timestamp":"2021-05-25T04:59:36.181Z"}
{"message":"IP: ::ffff:127.0.0.1, Username: testuser, User Type: Registered, Action: Logged In, Cookie: {\"originalMaxAge\":null,\"expires\":null,\"secure\":false,\"httpOnly\":true,\"path\":\"/\"}","level":"info","timestamp":"2021-05-25T05:02:49.588Z"}
{"message":"IP: ::ffff:127.0.0.1, Username: testuser, User Type: 2, Action: Retrieved User Scores (Easy, Medium, Hard), Cookie: {\"originalMaxAge\":null,\"expires\":null,\"secure\":false,\"httpOnly\":true,\"path\":\"/\"}","level":"info","timestamp":"2021-05-25T05:02:49.624Z"}
{"message":"IP: ::ffff:127.0.0.1, Username: testuser, User Type: Registered, Action: Retrieved User Scores (Easy, Medium, Hard), Cookie: {\"originalMaxAge\":null,\"expires\":null,\"secure\":false,\"httpOnly\":true,\"path\":\"/\"}","level":"info","timestamp":"2021-05-25T05:02:49.625Z"}
{"message":"IP: ::ffff:127.0.0.1, Username: testuser, User Type: Registered, Action: Logged In, Cookie: {\"originalMaxAge\":null,\"expires\":null,\"secure\":false,\"httpOnly\":true,\"path\":\"/\"}","level":"info","timestamp":"2021-05-25T05:06:16.349Z"}
{"message":"IP: ::ffff:127.0.0.1, Username: testuser, User Type: 2, Action: Retrieved User Scores (Easy, Medium, Hard), Cookie: {\"originalMaxAge\":null,\"expires\":null,\"secure\":false,\"httpOnly\":true,\"path\":\"/\"}","level":"info","timestamp":"2021-05-25T05:06:16.384Z"}
{"message":"IP: ::ffff:127.0.0.1, Username: testuser, User Type: Registered, Action: Retrieved User Scores (Easy, Medium, Hard), Cookie: {\"originalMaxAge\":null,\"expires\":null,\"secure\":false,\"httpOnly\":true,\"path\":\"/\"}","level":"info","timestamp":"2021-05-25T05:06:16.385Z"}
{"message":"IP: ::1, Username: KingCob, User Type: Administrator, Action: Logged In,  Cookie: {\"originalMaxAge\":null,\"expires\":null,\"secure\":false,\"httpOnly\":true,\"path\":\"/\"}","level":"info","timestamp":"2021-05-29T07:44:06.872Z"}
{"message":"IP: ::1, Username: KingCob, User Type: Administrator, Action: Logged In,  Cookie: {\"originalMaxAge\":null,\"expires\":null,\"secure\":false,\"httpOnly\":true,\"path\":\"/\"}","level":"info","timestamp":"2021-05-30T06:37:15.890Z"}
{"message":"IP: ::1, Username: KingCob, User Type: Administrator, Action: Logged In,  Cookie: {\"originalMaxAge\":null,\"expires\":null,\"secure\":false,\"httpOnly\":true,\"path\":\"/\"}","level":"info","timestamp":"2021-05-30T06:41:36.603Z"}
{"message":"IP: ::1, Username: KingCob, User Type: Administrator, Action: Logged In,  Cookie: {\"originalMaxAge\":null,\"expires\":null,\"secure\":false,\"httpOnly\":true,\"path\":\"/\"}","level":"info","timestamp":"2021-05-30T06:44:45.386Z"}
{"message":"IP: ::1, Username: KingCob, User Type: Administrator, Action: Logged In,  Cookie: {\"originalMaxAge\":null,\"expires\":null,\"secure\":false,\"httpOnly\":true,\"path\":\"/\"}","level":"info","timestamp":"2021-05-30T06:45:15.049Z"}
{"message":"IP: ::1, Username: KingCob, User Type: Administrator, Action: Logged In,  Cookie: {\"originalMaxAge\":null,\"expires\":null,\"secure\":false,\"httpOnly\":true,\"path\":\"/\"}","level":"info","timestamp":"2021-05-30T07:10:09.055Z"}
{"message":"IP: ::1, Username: KingCob, User Type: Administrator, Action: Logged In,  Cookie: {\"originalMaxAge\":null,\"expires\":null,\"secure\":false,\"httpOnly\":true,\"path\":\"/\"}","level":"info","timestamp":"2021-05-30T07:11:08.369Z"}
{"message":"IP: ::1, Username: KingCob, User Type: Administrator, Action: Logged In,  Cookie: {\"originalMaxAge\":null,\"expires\":null,\"secure\":false,\"httpOnly\":true,\"path\":\"/\"}","level":"info","timestamp":"2021-05-30T07:12:15.608Z"}
{"message":"IP: ::1, Username: KingCob, User Type: Administrator, Action: Logged In,  Cookie: {\"originalMaxAge\":null,\"expires\":null,\"secure\":false,\"httpOnly\":true,\"path\":\"/\"}","level":"info","timestamp":"2021-05-30T12:08:37.739Z"}
{"message":"IP: ::1, Username: KingCob, User Type: Administrator, Action: Logged In,  Cookie: {\"originalMaxAge\":null,\"expires\":null,\"secure\":false,\"httpOnly\":true,\"path\":\"/\"}","level":"info","timestamp":"2021-05-30T12:11:54.994Z"}
{"message":"IP: ::1, Username: KingCob, User Type: Administrator, Action: Logged In,  Cookie: {\"originalMaxAge\":null,\"expires\":null,\"secure\":false,\"httpOnly\":true,\"path\":\"/\"}","level":"info","timestamp":"2021-05-30T12:14:44.889Z"}
{"message":"IP: ::1, Username: KingCob, User Type: Administrator, Action: Logged In,  Cookie: {\"originalMaxAge\":null,\"expires\":null,\"secure\":false,\"httpOnly\":true,\"path\":\"/\"}","level":"info","timestamp":"2021-05-30T12:15:52.995Z"}
{"message":"IP: ::1, Username: KingCob, User Type: Administrator, Action: Logged In,  Cookie: {\"originalMaxAge\":null,\"expires\":null,\"secure\":false,\"httpOnly\":true,\"path\":\"/\"}","level":"info","timestamp":"2021-05-30T12:18:27.434Z"}
{"message":"IP: ::1, Username: KingCob, User Type: Administrator, Action: Logged In,  Cookie: {\"originalMaxAge\":null,\"expires\":null,\"secure\":false,\"httpOnly\":true,\"path\":\"/\"}","level":"info","timestamp":"2021-05-30T12:31:32.246Z"}
{"message":"IP: ::1, Username: KingCob, User Type: Administrator, Action: Logged In,  Cookie: {\"originalMaxAge\":null,\"expires\":null,\"secure\":false,\"httpOnly\":true,\"path\":\"/\"}","level":"info","timestamp":"2021-05-30T12:36:32.912Z"}
{"message":"IP: ::1, Username: KingCob, User Type: Administrator, Action: Logged In,  Cookie: {\"originalMaxAge\":null,\"expires\":null,\"secure\":false,\"httpOnly\":true,\"path\":\"/\"}","level":"info","timestamp":"2021-05-30T12:37:20.830Z"}
{"message":"IP: ::1, Username: KingCob, User Type: Administrator, Action: Logged In,  Cookie: {\"originalMaxAge\":null,\"expires\":null,\"secure\":false,\"httpOnly\":true,\"path\":\"/\"}","level":"info","timestamp":"2021-05-30T12:40:00.185Z"}
{"message":"IP: ::1, Username: KingCob, User Type: Administrator, Action: Logged In,  Cookie: {\"originalMaxAge\":null,\"expires\":null,\"secure\":false,\"httpOnly\":true,\"path\":\"/\"}","level":"info","timestamp":"2021-05-30T12:43:39.990Z"}
{"message":"IP: ::1, Username: KingCob, User Type: Administrator, Action: Logged In,  Cookie: {\"originalMaxAge\":null,\"expires\":null,\"secure\":false,\"httpOnly\":true,\"path\":\"/\"}","level":"info","timestamp":"2021-05-30T12:47:58.674Z"}
{"message":"IP: ::1, Username: KingCob, User Type: Administrator, Action: Logged In,  Cookie: {\"originalMaxAge\":null,\"expires\":null,\"secure\":false,\"httpOnly\":true,\"path\":\"/\"}","level":"info","timestamp":"2021-05-30T12:48:47.880Z"}
{"message":"IP: ::1, Username: KingCob, User Type: Administrator, Action: Logged In,  Cookie: {\"originalMaxAge\":null,\"expires\":null,\"secure\":false,\"httpOnly\":true,\"path\":\"/\"}","level":"info","timestamp":"2021-05-30T12:55:15.138Z"}
{"message":"IP: ::1, Username: KingCob, User Type: Administrator, Action: Logged In,  Cookie: {\"originalMaxAge\":null,\"expires\":null,\"secure\":false,\"httpOnly\":true,\"path\":\"/\"}","level":"info","timestamp":"2021-05-30T13:05:59.859Z"}
{"message":"IP: ::1, Username: KingCob, User Type: Administrator, Action: Logged In,  Cookie: {\"originalMaxAge\":null,\"expires\":null,\"secure\":false,\"httpOnly\":true,\"path\":\"/\"}","level":"info","timestamp":"2021-05-30T13:08:15.143Z"}
{"message":"IP: ::1, Username: KingCob, User Type: Anonymous, Action: Logged Out,  Cookie: {\"originalMaxAge\":null,\"expires\":null,\"secure\":false,\"httpOnly\":true,\"path\":\"/\"}","level":"info","timestamp":"2021-05-30T13:20:20.259Z"}
{"message":"IP: ::1, Username: beergirl, User Type: Registered, Action: Logged Out, Cookie: {\"originalMaxAge\":null,\"expires\":null,\"secure\":false,\"httpOnly\":true,\"path\":\"/\"}","level":"info","timestamp":"2021-05-30T13:20:40.251Z"}
{"message":"IP: ::1, Username: KingCob, User Type: Administrator, Action: Logged In,  Cookie: {\"originalMaxAge\":null,\"expires\":null,\"secure\":false,\"httpOnly\":true,\"path\":\"/\"}","level":"info","timestamp":"2021-05-30T13:20:49.866Z"}
{"message":"IP: ::1, Username: KingCob, User Type: Administrator, Action: Logged In,  Cookie: {\"originalMaxAge\":null,\"expires\":null,\"secure\":false,\"httpOnly\":true,\"path\":\"/\"}","level":"info","timestamp":"2021-05-31T13:27:30.873Z"}
{"message":"IP: ::1, Username: KingCob, User Type: Anonymous, Action: Logged Out,  Cookie: {\"originalMaxAge\":null,\"expires\":null,\"secure\":false,\"httpOnly\":true,\"path\":\"/\"}","level":"info","timestamp":"2021-05-31T13:28:38.247Z"}
{"message":"IP: ::1, Username: KingCob, User Type: Administrator, Action: Logged In,  Cookie: {\"originalMaxAge\":null,\"expires\":null,\"secure\":false,\"httpOnly\":true,\"path\":\"/\"}","level":"info","timestamp":"2021-05-31T13:29:18.232Z"}
{"message":"IP: ::1, Username: KingCob, User Type: Administrator, Action: Logged In,  Cookie: {\"originalMaxAge\":null,\"expires\":null,\"secure\":false,\"httpOnly\":true,\"path\":\"/\"}","level":"info","timestamp":"2021-05-31T13:31:03.532Z"}
{"message":"IP: ::1, Username: KingCob, User Type: Administrator, Action: Logged In,  Cookie: {\"originalMaxAge\":null,\"expires\":null,\"secure\":false,\"httpOnly\":true,\"path\":\"/\"}","level":"info","timestamp":"2021-05-31T13:34:06.505Z"}
{"message":"IP: ::1, Username: KingCob, User Type: Administrator, Action: Logged In,  Cookie: {\"originalMaxAge\":null,\"expires\":null,\"secure\":false,\"httpOnly\":true,\"path\":\"/\"}","level":"info","timestamp":"2021-05-31T13:35:45.987Z"}
{"message":"IP: ::1, Username: KingCob, User Type: Administrator, Action: Logged In,  Cookie: {\"originalMaxAge\":null,\"expires\":null,\"secure\":false,\"httpOnly\":true,\"path\":\"/\"}","level":"info","timestamp":"2021-05-31T13:37:31.604Z"}
{"message":"IP: ::1, Username: KingCob, User Type: Administrator, Action: Logged In,  Cookie: {\"originalMaxAge\":null,\"expires\":null,\"secure\":false,\"httpOnly\":true,\"path\":\"/\"}","level":"info","timestamp":"2021-05-31T13:39:36.132Z"}
{"message":"IP: ::1, Username: KingCob, User Type: Administrator, Action: Logged In,  Cookie: {\"originalMaxAge\":null,\"expires\":null,\"secure\":false,\"httpOnly\":true,\"path\":\"/\"}","level":"info","timestamp":"2021-05-31T13:48:56.908Z"}
{"message":"IP: ::1, Username: KingCob, User Type: Administrator, Action: Logged In,  Cookie: {\"originalMaxAge\":null,\"expires\":null,\"secure\":false,\"httpOnly\":true,\"path\":\"/\"}","level":"info","timestamp":"2021-05-31T13:50:08.760Z"}
{"message":"IP: ::1, Username: KingCob, User Type: Anonymous, Action: Logged Out,  Cookie: {\"originalMaxAge\":null,\"expires\":null,\"secure\":false,\"httpOnly\":true,\"path\":\"/\"}","level":"info","timestamp":"2021-05-31T13:50:10.567Z"}
{"message":"IP: ::1, Username: KingCob, User Type: Administrator, Action: Logged In,  Cookie: {\"originalMaxAge\":null,\"expires\":null,\"secure\":false,\"httpOnly\":true,\"path\":\"/\"}","level":"info","timestamp":"2021-05-31T13:50:16.360Z"}
{"message":"IP: ::1, Username: KingCob, User Type: Administrator, Action: Logged In,  Cookie: {\"originalMaxAge\":null,\"expires\":null,\"secure\":false,\"httpOnly\":true,\"path\":\"/\"}","level":"info","timestamp":"2021-05-31T14:01:13.213Z"}
{"message":"IP: ::1, Username: KingCob, User Type: Administrator, Action: Logged In,  Cookie: {\"originalMaxAge\":null,\"expires\":null,\"secure\":false,\"httpOnly\":true,\"path\":\"/\"}","level":"info","timestamp":"2021-05-31T14:02:56.717Z"}
{"message":"IP: ::1, Username: KingCob, User Type: Administrator, Action: Logged In,  Cookie: {\"originalMaxAge\":null,\"expires\":null,\"secure\":false,\"httpOnly\":true,\"path\":\"/\"}","level":"info","timestamp":"2021-05-31T14:05:12.033Z"}
{"message":"IP: ::1, Username: KingCob, User Type: Anonymous, Action: Logged Out,  Cookie: {\"originalMaxAge\":null,\"expires\":null,\"secure\":false,\"httpOnly\":true,\"path\":\"/\"}","level":"info","timestamp":"2021-05-31T23:21:15.463Z"}
{"message":"IP: ::1, Username: KingCob, User Type: Administrator, Action: Logged In,  Cookie: {\"originalMaxAge\":null,\"expires\":null,\"secure\":false,\"httpOnly\":true,\"path\":\"/\"}","level":"info","timestamp":"2021-05-31T23:25:00.155Z"}
{"message":"IP: ::1, Username: KingCob, User Type: Administrator, Action: Logged In,  Cookie: {\"originalMaxAge\":null,\"expires\":null,\"secure\":false,\"httpOnly\":true,\"path\":\"/\"}","level":"info","timestamp":"2021-05-31T23:52:38.744Z"}
{"message":"IP: ::1, Username: KingCob, User Type: Administrator, Action: Logged In,  Cookie: {\"originalMaxAge\":null,\"expires\":null,\"secure\":false,\"httpOnly\":true,\"path\":\"/\"}","level":"info","timestamp":"2021-05-31T23:54:38.740Z"}
{"message":"IP: ::1, Username: KingCob, User Type: Administrator, Action: Logged In,  Cookie: {\"originalMaxAge\":null,\"expires\":null,\"secure\":false,\"httpOnly\":true,\"path\":\"/\"}","level":"info","timestamp":"2021-05-31T23:55:24.901Z"}
{"message":"IP: ::1, Username: KingCob, User Type: Administrator, Action: Logged In,  Cookie: {\"originalMaxAge\":null,\"expires\":null,\"secure\":false,\"httpOnly\":true,\"path\":\"/\"}","level":"info","timestamp":"2021-05-31T23:59:19.822Z"}
{"message":"IP: ::1, Username: KingCob, User Type: Administrator, Action: Logged In,  Cookie: {\"originalMaxAge\":null,\"expires\":null,\"secure\":false,\"httpOnly\":true,\"path\":\"/\"}","level":"info","timestamp":"2021-06-01T00:01:57.657Z"}
{"message":"IP: ::1, Username: KingCob, User Type: Administrator, Action: Logged In,  Cookie: {\"originalMaxAge\":null,\"expires\":null,\"secure\":false,\"httpOnly\":true,\"path\":\"/\"}","level":"info","timestamp":"2021-06-01T00:07:27.673Z"}
{"message":"IP: ::1, Username: KingCob, User Type: Administrator, Action: Logged In,  Cookie: {\"originalMaxAge\":null,\"expires\":null,\"secure\":false,\"httpOnly\":true,\"path\":\"/\"}","level":"info","timestamp":"2021-06-01T00:13:57.334Z"}
{"message":"IP: ::1, Username: KingCob, User Type: Administrator, Action: Logged In,  Cookie: {\"originalMaxAge\":null,\"expires\":null,\"secure\":false,\"httpOnly\":true,\"path\":\"/\"}","level":"info","timestamp":"2021-06-01T00:15:54.490Z"}
{"message":"IP: ::1, Username: KingCob, User Type: Administrator, Action: Logged In,  Cookie: {\"originalMaxAge\":null,\"expires\":null,\"secure\":false,\"httpOnly\":true,\"path\":\"/\"}","level":"info","timestamp":"2021-06-01T03:46:38.973Z"}
{"message":"IP: ::1, Username: KingCob, User Type: Administrator, Action: Logged In,  Cookie: {\"originalMaxAge\":172800000,\"expires\":\"2021-06-09T00:35:08.892Z\",\"secure\":false,\"httpOnly\":false,\"path\":\"/\",\"sameSite\":\"lax\"}","level":"info","timestamp":"2021-06-07T00:35:08.893Z"}
{"message":"IP: ::1, Username: KingCob, User Type: Administrator, Action: Logged In,  Cookie: {\"originalMaxAge\":172800000,\"expires\":\"2021-06-09T01:43:51.440Z\",\"secure\":false,\"httpOnly\":false,\"path\":\"/\",\"sameSite\":\"lax\"}","level":"info","timestamp":"2021-06-07T01:43:51.441Z"}
{"message":"IP: ::1, Username: KingCob, User Type: Administrator, Action: Logged In,  Cookie: {\"originalMaxAge\":172800000,\"expires\":\"2021-06-17T03:41:10.093Z\",\"secure\":false,\"httpOnly\":false,\"path\":\"/\",\"sameSite\":\"lax\"}","level":"info","timestamp":"2021-06-15T03:41:10.094Z"}
{"message":"IP: ::1, Username: KingCob, User Type: Anonymous, Action: Logged Out,  Cookie: {\"originalMaxAge\":172800000,\"expires\":\"2021-06-17T03:41:10.093Z\",\"secure\":false,\"httpOnly\":false,\"path\":\"/\",\"sameSite\":\"lax\"}","level":"info","timestamp":"2021-06-15T03:46:58.606Z"}
{"message":"IP: ::ffff:127.0.0.1, Username: testuser, User Type: Registered, Action: Logged In, Cookie: {\"originalMaxAge\":172800000,\"expires\":\"2021-06-17T04:35:32.741Z\",\"secure\":false,\"httpOnly\":false,\"path\":\"/\",\"sameSite\":\"lax\"}","level":"info","timestamp":"2021-06-15T04:35:32.744Z"}
{"message":"IP: ::ffff:127.0.0.1, Username: testuser, User Type: 2, Action: Retrieved User Scores (Easy, Medium, Hard), Cookie: {\"originalMaxAge\":172800000,\"expires\":\"2021-06-17T04:35:32.817Z\",\"secure\":false,\"httpOnly\":false,\"path\":\"/\",\"sameSite\":\"lax\"}","level":"info","timestamp":"2021-06-15T04:35:32.818Z"}
{"message":"IP: ::ffff:127.0.0.1, Username: testuser, User Type: Registered, Action: Retrieved User Scores (Easy, Medium, Hard), Cookie: {\"originalMaxAge\":172800000,\"expires\":\"2021-06-17T04:35:32.817Z\",\"secure\":false,\"httpOnly\":false,\"path\":\"/\",\"sameSite\":\"lax\"}","level":"info","timestamp":"2021-06-15T04:35:32.819Z"}
{"message":"IP: ::ffff:127.0.0.1, Username: testuser, User Type: Registered, Action: Logged In, Cookie: {\"originalMaxAge\":172800000,\"expires\":\"2021-06-17T04:38:04.898Z\",\"secure\":false,\"httpOnly\":false,\"path\":\"/\",\"sameSite\":\"lax\"}","level":"info","timestamp":"2021-06-15T04:38:04.901Z"}
{"message":"IP: ::ffff:127.0.0.1, Username: testuser, User Type: Registered, Action: Logged In, Cookie: {\"originalMaxAge\":172800000,\"expires\":\"2021-06-17T04:38:05.154Z\",\"secure\":false,\"httpOnly\":false,\"path\":\"/\",\"sameSite\":\"lax\"}","level":"info","timestamp":"2021-06-15T04:38:05.155Z"}
{"message":"IP: ::ffff:127.0.0.1, Username: testuser, User Type: 2, Action: Retrieved User Scores (Easy, Medium, Hard), Cookie: {\"originalMaxAge\":172800000,\"expires\":\"2021-06-17T04:38:05.166Z\",\"secure\":false,\"httpOnly\":false,\"path\":\"/\",\"sameSite\":\"lax\"}","level":"info","timestamp":"2021-06-15T04:38:05.167Z"}
{"message":"IP: ::ffff:127.0.0.1, Username: testuser, User Type: Registered, Action: Retrieved User Scores (Easy, Medium, Hard), Cookie: {\"originalMaxAge\":172800000,\"expires\":\"2021-06-17T04:38:05.166Z\",\"secure\":false,\"httpOnly\":false,\"path\":\"/\",\"sameSite\":\"lax\"}","level":"info","timestamp":"2021-06-15T04:38:05.167Z"}
{"message":"IP: ::ffff:127.0.0.1, Username: testuser, User Type: Registered, Action: Logged In, Cookie: {\"originalMaxAge\":172800000,\"expires\":\"2021-06-17T04:38:18.188Z\",\"secure\":false,\"httpOnly\":false,\"path\":\"/\",\"sameSite\":\"lax\"}","level":"info","timestamp":"2021-06-15T04:38:18.190Z"}
{"message":"IP: ::ffff:127.0.0.1, Username: testuser, User Type: Registered, Action: Logged In, Cookie: {\"originalMaxAge\":172800000,\"expires\":\"2021-06-17T04:38:18.404Z\",\"secure\":false,\"httpOnly\":false,\"path\":\"/\",\"sameSite\":\"lax\"}","level":"info","timestamp":"2021-06-15T04:38:18.404Z"}
{"message":"IP: ::ffff:127.0.0.1, Username: testuser, User Type: 2, Action: Retrieved User Scores (Easy, Medium, Hard), Cookie: {\"originalMaxAge\":172800000,\"expires\":\"2021-06-17T04:38:18.414Z\",\"secure\":false,\"httpOnly\":false,\"path\":\"/\",\"sameSite\":\"lax\"}","level":"info","timestamp":"2021-06-15T04:38:18.415Z"}
{"message":"IP: ::ffff:127.0.0.1, Username: testuser, User Type: Registered, Action: Retrieved User Scores (Easy, Medium, Hard), Cookie: {\"originalMaxAge\":172800000,\"expires\":\"2021-06-17T04:38:18.414Z\",\"secure\":false,\"httpOnly\":false,\"path\":\"/\",\"sameSite\":\"lax\"}","level":"info","timestamp":"2021-06-15T04:38:18.416Z"}
{"message":"IP: ::ffff:127.0.0.1, Username: testuser, User Type: Registered, Action: Logged In, Cookie: {\"originalMaxAge\":172800000,\"expires\":\"2021-06-17T04:39:29.829Z\",\"secure\":false,\"httpOnly\":false,\"path\":\"/\",\"sameSite\":\"lax\"}","level":"info","timestamp":"2021-06-15T04:39:29.832Z"}
{"message":"IP: ::ffff:127.0.0.1, Username: testuser, User Type: Registered, Action: Logged In, Cookie: {\"originalMaxAge\":172800000,\"expires\":\"2021-06-17T04:39:30.058Z\",\"secure\":false,\"httpOnly\":false,\"path\":\"/\",\"sameSite\":\"lax\"}","level":"info","timestamp":"2021-06-15T04:39:30.058Z"}
{"message":"IP: ::ffff:127.0.0.1, Username: testuser, User Type: 2, Action: Retrieved User Scores (Easy, Medium, Hard), Cookie: {\"originalMaxAge\":172800000,\"expires\":\"2021-06-17T04:39:30.069Z\",\"secure\":false,\"httpOnly\":false,\"path\":\"/\",\"sameSite\":\"lax\"}","level":"info","timestamp":"2021-06-15T04:39:30.070Z"}
{"message":"IP: ::ffff:127.0.0.1, Username: testuser, User Type: Registered, Action: Retrieved User Scores (Easy, Medium, Hard), Cookie: {\"originalMaxAge\":172800000,\"expires\":\"2021-06-17T04:39:30.069Z\",\"secure\":false,\"httpOnly\":false,\"path\":\"/\",\"sameSite\":\"lax\"}","level":"info","timestamp":"2021-06-15T04:39:30.070Z"}
{"message":"IP: ::ffff:127.0.0.1, Username: testuser, User Type: Registered, Action: Logged In, Cookie: {\"originalMaxAge\":172800000,\"expires\":\"2021-06-17T04:45:15.124Z\",\"secure\":false,\"httpOnly\":false,\"path\":\"/\",\"sameSite\":\"lax\"}","level":"info","timestamp":"2021-06-15T04:45:15.126Z"}
{"message":"IP: ::ffff:127.0.0.1, Username: testuser, User Type: Registered, Action: Logged In, Cookie: {\"originalMaxAge\":172800000,\"expires\":\"2021-06-17T04:45:15.358Z\",\"secure\":false,\"httpOnly\":false,\"path\":\"/\",\"sameSite\":\"lax\"}","level":"info","timestamp":"2021-06-15T04:45:15.359Z"}
{"message":"IP: ::ffff:127.0.0.1, Username: testuser, User Type: 2, Action: Retrieved User Scores (Easy, Medium, Hard), Cookie: {\"originalMaxAge\":172800000,\"expires\":\"2021-06-17T04:45:15.370Z\",\"secure\":false,\"httpOnly\":false,\"path\":\"/\",\"sameSite\":\"lax\"}","level":"info","timestamp":"2021-06-15T04:45:15.371Z"}
{"message":"IP: ::ffff:127.0.0.1, Username: testuser, User Type: Registered, Action: Retrieved User Scores (Easy, Medium, Hard), Cookie: {\"originalMaxAge\":172800000,\"expires\":\"2021-06-17T04:45:15.370Z\",\"secure\":false,\"httpOnly\":false,\"path\":\"/\",\"sameSite\":\"lax\"}","level":"info","timestamp":"2021-06-15T04:45:15.372Z"}
{"message":"IP: ::ffff:127.0.0.1, Username: testuser, User Type: Registered, Action: Logged In, Cookie: {\"originalMaxAge\":172800000,\"expires\":\"2021-06-19T07:47:44.929Z\",\"secure\":false,\"httpOnly\":false,\"path\":\"/\",\"sameSite\":\"lax\"}","level":"info","timestamp":"2021-06-17T07:47:44.931Z"}
{"message":"IP: ::ffff:127.0.0.1, Username: testuser, User Type: Registered, Action: Logged In, Cookie: {\"originalMaxAge\":172800000,\"expires\":\"2021-06-19T07:47:45.180Z\",\"secure\":false,\"httpOnly\":false,\"path\":\"/\",\"sameSite\":\"lax\"}","level":"info","timestamp":"2021-06-17T07:47:45.181Z"}
{"message":"IP: ::ffff:127.0.0.1, Username: testuser, User Type: 2, Action: Retrieved User Scores (Easy, Medium, Hard), Cookie: {\"originalMaxAge\":172800000,\"expires\":\"2021-06-19T07:47:45.201Z\",\"secure\":false,\"httpOnly\":false,\"path\":\"/\",\"sameSite\":\"lax\"}","level":"info","timestamp":"2021-06-17T07:47:45.201Z"}
{"message":"IP: ::ffff:127.0.0.1, Username: testuser, User Type: Registered, Action: Retrieved User Scores (Easy, Medium, Hard), Cookie: {\"originalMaxAge\":172800000,\"expires\":\"2021-06-19T07:47:45.201Z\",\"secure\":false,\"httpOnly\":false,\"path\":\"/\",\"sameSite\":\"lax\"}","level":"info","timestamp":"2021-06-17T07:47:45.202Z"}
{"message":"IP: ::ffff:127.0.0.1, Username: testuser, User Type: Registered, Action: Logged In, Cookie: {\"originalMaxAge\":172800000,\"expires\":\"2021-06-19T07:49:12.379Z\",\"secure\":false,\"httpOnly\":false,\"path\":\"/\",\"sameSite\":\"lax\"}","level":"info","timestamp":"2021-06-17T07:49:12.382Z"}
{"message":"IP: ::ffff:127.0.0.1, Username: testuser, User Type: Registered, Action: Logged In, Cookie: {\"originalMaxAge\":172800000,\"expires\":\"2021-06-19T07:49:12.598Z\",\"secure\":false,\"httpOnly\":false,\"path\":\"/\",\"sameSite\":\"lax\"}","level":"info","timestamp":"2021-06-17T07:49:12.598Z"}
{"message":"IP: ::ffff:127.0.0.1, Username: testuser, User Type: 2, Action: Retrieved User Scores (Easy, Medium, Hard), Cookie: {\"originalMaxAge\":172800000,\"expires\":\"2021-06-19T07:49:12.611Z\",\"secure\":false,\"httpOnly\":false,\"path\":\"/\",\"sameSite\":\"lax\"}","level":"info","timestamp":"2021-06-17T07:49:12.612Z"}
{"message":"IP: ::ffff:127.0.0.1, Username: testuser, User Type: Registered, Action: Retrieved User Scores (Easy, Medium, Hard), Cookie: {\"originalMaxAge\":172800000,\"expires\":\"2021-06-19T07:49:12.611Z\",\"secure\":false,\"httpOnly\":false,\"path\":\"/\",\"sameSite\":\"lax\"}","level":"info","timestamp":"2021-06-17T07:49:12.613Z"}
{"message":"IP: ::ffff:127.0.0.1, Username: testuser, User Type: Registered, Action: Logged In, Cookie: {\"originalMaxAge\":172800000,\"expires\":\"2021-06-19T07:56:10.114Z\",\"secure\":false,\"httpOnly\":false,\"path\":\"/\",\"sameSite\":\"lax\"}","level":"info","timestamp":"2021-06-17T07:56:10.117Z"}
{"message":"IP: ::ffff:127.0.0.1, Username: testuser, User Type: Registered, Action: Logged In, Cookie: {\"originalMaxAge\":172800000,\"expires\":\"2021-06-19T07:56:10.342Z\",\"secure\":false,\"httpOnly\":false,\"path\":\"/\",\"sameSite\":\"lax\"}","level":"info","timestamp":"2021-06-17T07:56:10.342Z"}
{"message":"IP: ::ffff:127.0.0.1, Username: testuser, User Type: 2, Action: Retrieved User Scores (Easy, Medium, Hard), Cookie: {\"originalMaxAge\":172800000,\"expires\":\"2021-06-19T07:56:10.352Z\",\"secure\":false,\"httpOnly\":false,\"path\":\"/\",\"sameSite\":\"lax\"}","level":"info","timestamp":"2021-06-17T07:56:10.352Z"}
{"message":"IP: ::ffff:127.0.0.1, Username: testuser, User Type: Registered, Action: Retrieved User Scores (Easy, Medium, Hard), Cookie: {\"originalMaxAge\":172800000,\"expires\":\"2021-06-19T07:56:10.352Z\",\"secure\":false,\"httpOnly\":false,\"path\":\"/\",\"sameSite\":\"lax\"}","level":"info","timestamp":"2021-06-17T07:56:10.353Z"}
{"message":"IP: ::ffff:127.0.0.1, Username: testuser, User Type: Registered, Action: Updated Picture, Cookie: {\"originalMaxAge\":172800000,\"expires\":\"2021-06-19T07:56:10.423Z\",\"secure\":false,\"httpOnly\":false,\"path\":\"/\",\"sameSite\":\"lax\"}","level":"info","timestamp":"2021-06-17T07:56:10.423Z"}
{"message":"IP: ::ffff:127.0.0.1, Username: testuser, User Type: Registered, Action: Logged In, Cookie: {\"originalMaxAge\":172800000,\"expires\":\"2021-06-19T07:56:49.422Z\",\"secure\":false,\"httpOnly\":false,\"path\":\"/\",\"sameSite\":\"lax\"}","level":"info","timestamp":"2021-06-17T07:56:49.424Z"}
{"message":"IP: ::ffff:127.0.0.1, Username: testuser, User Type: Registered, Action: Logged In, Cookie: {\"originalMaxAge\":172800000,\"expires\":\"2021-06-19T07:56:49.658Z\",\"secure\":false,\"httpOnly\":false,\"path\":\"/\",\"sameSite\":\"lax\"}","level":"info","timestamp":"2021-06-17T07:56:49.659Z"}
{"message":"IP: ::ffff:127.0.0.1, Username: testuser, User Type: 2, Action: Retrieved User Scores (Easy, Medium, Hard), Cookie: {\"originalMaxAge\":172800000,\"expires\":\"2021-06-19T07:56:49.669Z\",\"secure\":false,\"httpOnly\":false,\"path\":\"/\",\"sameSite\":\"lax\"}","level":"info","timestamp":"2021-06-17T07:56:49.670Z"}
{"message":"IP: ::ffff:127.0.0.1, Username: testuser, User Type: Registered, Action: Retrieved User Scores (Easy, Medium, Hard), Cookie: {\"originalMaxAge\":172800000,\"expires\":\"2021-06-19T07:56:49.669Z\",\"secure\":false,\"httpOnly\":false,\"path\":\"/\",\"sameSite\":\"lax\"}","level":"info","timestamp":"2021-06-17T07:56:49.670Z"}
{"message":"IP: ::ffff:127.0.0.1, Username: testuser, User Type: Registered, Action: Updated Picture, Cookie: {\"originalMaxAge\":172800000,\"expires\":\"2021-06-19T07:56:49.761Z\",\"secure\":false,\"httpOnly\":false,\"path\":\"/\",\"sameSite\":\"lax\"}","level":"info","timestamp":"2021-06-17T07:56:49.762Z"}
{"message":"IP: ::ffff:127.0.0.1, Username: testuser, User Type: Registered, Action: Updated Theme, Cookie: {\"originalMaxAge\":172800000,\"expires\":\"2021-06-19T07:56:49.835Z\",\"secure\":false,\"httpOnly\":false,\"path\":\"/\",\"sameSite\":\"lax\"}","level":"info","timestamp":"2021-06-17T07:56:49.836Z"}
{"message":"IP: ::ffff:127.0.0.1, Username: testuser, User Type: Registered, Action: Logged In, Cookie: {\"originalMaxAge\":172800000,\"expires\":\"2021-06-19T08:02:57.120Z\",\"secure\":false,\"httpOnly\":false,\"path\":\"/\",\"sameSite\":\"lax\"}","level":"info","timestamp":"2021-06-17T08:02:57.122Z"}
{"message":"IP: ::ffff:127.0.0.1, Username: testuser, User Type: Registered, Action: Logged In, Cookie: {\"originalMaxAge\":172800000,\"expires\":\"2021-06-19T08:02:57.339Z\",\"secure\":false,\"httpOnly\":false,\"path\":\"/\",\"sameSite\":\"lax\"}","level":"info","timestamp":"2021-06-17T08:02:57.339Z"}
{"message":"IP: ::ffff:127.0.0.1, Username: testuser, User Type: 2, Action: Retrieved User Scores (Easy, Medium, Hard), Cookie: {\"originalMaxAge\":172800000,\"expires\":\"2021-06-19T08:02:57.351Z\",\"secure\":false,\"httpOnly\":false,\"path\":\"/\",\"sameSite\":\"lax\"}","level":"info","timestamp":"2021-06-17T08:02:57.351Z"}
{"message":"IP: ::ffff:127.0.0.1, Username: testuser, User Type: Registered, Action: Retrieved User Scores (Easy, Medium, Hard), Cookie: {\"originalMaxAge\":172800000,\"expires\":\"2021-06-19T08:02:57.351Z\",\"secure\":false,\"httpOnly\":false,\"path\":\"/\",\"sameSite\":\"lax\"}","level":"info","timestamp":"2021-06-17T08:02:57.352Z"}
{"message":"IP: ::ffff:127.0.0.1, Username: testuser, User Type: Registered, Action: Updated Picture, Cookie: {\"originalMaxAge\":172800000,\"expires\":\"2021-06-19T08:02:57.401Z\",\"secure\":false,\"httpOnly\":false,\"path\":\"/\",\"sameSite\":\"lax\"}","level":"info","timestamp":"2021-06-17T08:02:57.401Z"}
{"message":"IP: ::ffff:127.0.0.1, Username: testuser, User Type: Registered, Action: Updated Theme, Cookie: {\"originalMaxAge\":172800000,\"expires\":\"2021-06-19T08:02:57.453Z\",\"secure\":false,\"httpOnly\":false,\"path\":\"/\",\"sameSite\":\"lax\"}","level":"info","timestamp":"2021-06-17T08:02:57.453Z"}
{"message":"IP: ::1, Username: KingCob, User Type: Administrator, Action: Logged In,  Cookie: {\"originalMaxAge\":172800000,\"expires\":\"2021-06-19T09:03:48.093Z\",\"secure\":false,\"httpOnly\":false,\"path\":\"/\",\"sameSite\":\"lax\"}","level":"info","timestamp":"2021-06-17T09:03:48.095Z"}
{"message":"IP: ::1, Username: KingCob, User Type: 1, Action: Retrieved User Scores (Easy, Medium, Hard), Cookie: {\"originalMaxAge\":172800000,\"expires\":\"2021-06-19T09:45:54.678Z\",\"secure\":false,\"httpOnly\":false,\"path\":\"/\",\"sameSite\":\"lax\"}","level":"info","timestamp":"2021-06-17T09:45:54.679Z"}
{"message":"IP: ::1, Username: KingCob, User Type: Anonymous, Action: Retrieved User Scores (Easy, Medium, Hard), Cookie: {\"originalMaxAge\":172800000,\"expires\":\"2021-06-19T09:45:54.678Z\",\"secure\":false,\"httpOnly\":false,\"path\":\"/\",\"sameSite\":\"lax\"}","level":"info","timestamp":"2021-06-17T09:45:54.680Z"}
{"message":"IP: ::1, Username: KingCob, User Type: 1, Action: Retrieved User Scores (Easy, Medium, Hard), Cookie: {\"originalMaxAge\":172800000,\"expires\":\"2021-06-19T09:45:58.011Z\",\"secure\":false,\"httpOnly\":false,\"path\":\"/\",\"sameSite\":\"lax\"}","level":"info","timestamp":"2021-06-17T09:45:58.012Z"}
{"message":"IP: ::1, Username: KingCob, User Type: Anonymous, Action: Retrieved User Scores (Easy, Medium, Hard), Cookie: {\"originalMaxAge\":172800000,\"expires\":\"2021-06-19T09:45:58.011Z\",\"secure\":false,\"httpOnly\":false,\"path\":\"/\",\"sameSite\":\"lax\"}","level":"info","timestamp":"2021-06-17T09:45:58.012Z"}
{"message":"IP: ::1, Username: KingCob, User Type: Anonymous, Action: Logged Out,  Cookie: {\"originalMaxAge\":172800000,\"expires\":\"2021-06-19T09:03:48.093Z\",\"secure\":false,\"httpOnly\":false,\"path\":\"/\",\"sameSite\":\"lax\"}","level":"info","timestamp":"2021-06-17T10:04:46.872Z"}
{"message":"IP: ::1, Username: KingCob, User Type: Administrator, Action: Logged In,  Cookie: {\"originalMaxAge\":172800000,\"expires\":\"2021-06-19T10:28:17.176Z\",\"secure\":false,\"httpOnly\":false,\"path\":\"/\",\"sameSite\":\"lax\"}","level":"info","timestamp":"2021-06-17T10:28:17.177Z"}
{"message":"IP: ::1, Username: KingCob, User Type: 1, Action: Retrieved User Scores (Easy, Medium, Hard), Cookie: {\"originalMaxAge\":172800000,\"expires\":\"2021-06-19T10:28:22.267Z\",\"secure\":false,\"httpOnly\":false,\"path\":\"/\",\"sameSite\":\"lax\"}","level":"info","timestamp":"2021-06-17T10:28:22.268Z"}
{"message":"IP: ::1, Username: KingCob, User Type: Anonymous, Action: Retrieved User Scores (Easy, Medium, Hard), Cookie: {\"originalMaxAge\":172800000,\"expires\":\"2021-06-19T10:28:22.267Z\",\"secure\":false,\"httpOnly\":false,\"path\":\"/\",\"sameSite\":\"lax\"}","level":"info","timestamp":"2021-06-17T10:28:22.268Z"}
{"message":"IP: ::1, Username: KingCob, User Type: Anonymous, Action: Updated Biography,  Cookie: {\"originalMaxAge\":172800000,\"expires\":\"2021-06-19T10:28:29.738Z\",\"secure\":false,\"httpOnly\":false,\"path\":\"/\",\"sameSite\":\"lax\"}","level":"info","timestamp":"2021-06-17T10:28:29.739Z"}
{"message":"IP: ::1, Username: KingCob, User Type: Anonymous, Action: Updated Theme, Cookie: {\"originalMaxAge\":172800000,\"expires\":\"2021-06-19T10:28:35.046Z\",\"secure\":false,\"httpOnly\":false,\"path\":\"/\",\"sameSite\":\"lax\"}","level":"info","timestamp":"2021-06-17T10:28:35.046Z"}
{"message":"IP: ::1, Username: KingCob, User Type: 1, Action: Retrieved User Scores (Easy, Medium, Hard), Cookie: {\"originalMaxAge\":172800000,\"expires\":\"2021-06-19T10:28:35.336Z\",\"secure\":false,\"httpOnly\":false,\"path\":\"/\",\"sameSite\":\"lax\"}","level":"info","timestamp":"2021-06-17T10:28:35.337Z"}
{"message":"IP: ::1, Username: KingCob, User Type: Anonymous, Action: Retrieved User Scores (Easy, Medium, Hard), Cookie: {\"originalMaxAge\":172800000,\"expires\":\"2021-06-19T10:28:35.336Z\",\"secure\":false,\"httpOnly\":false,\"path\":\"/\",\"sameSite\":\"lax\"}","level":"info","timestamp":"2021-06-17T10:28:35.337Z"}
{"message":"IP: ::1, Username: KingCob, User Type: Anonymous, Action: Updated Picture,  Cookie: {\"originalMaxAge\":172800000,\"expires\":\"2021-06-19T10:28:42.649Z\",\"secure\":false,\"httpOnly\":false,\"path\":\"/\",\"sameSite\":\"lax\"}","level":"info","timestamp":"2021-06-17T10:28:42.649Z"}
{"message":"IP: ::1, Username: KingCob, User Type: 1, Action: Retrieved User Scores (Easy, Medium, Hard), Cookie: {\"originalMaxAge\":172800000,\"expires\":\"2021-06-19T10:28:42.924Z\",\"secure\":false,\"httpOnly\":false,\"path\":\"/\",\"sameSite\":\"lax\"}","level":"info","timestamp":"2021-06-17T10:28:42.924Z"}
{"message":"IP: ::1, Username: KingCob, User Type: Anonymous, Action: Retrieved User Scores (Easy, Medium, Hard), Cookie: {\"originalMaxAge\":172800000,\"expires\":\"2021-06-19T10:28:42.924Z\",\"secure\":false,\"httpOnly\":false,\"path\":\"/\",\"sameSite\":\"lax\"}","level":"info","timestamp":"2021-06-17T10:28:42.924Z"}
{"message":"IP: ::1, Username: KingCob, User Type: 1, Action: Retrieved User Scores (Easy, Medium, Hard), Cookie: {\"originalMaxAge\":172800000,\"expires\":\"2021-06-19T10:32:32.013Z\",\"secure\":false,\"httpOnly\":false,\"path\":\"/\",\"sameSite\":\"lax\"}","level":"info","timestamp":"2021-06-17T10:32:32.013Z"}
{"message":"IP: ::1, Username: KingCob, User Type: Anonymous, Action: Retrieved User Scores (Easy, Medium, Hard), Cookie: {\"originalMaxAge\":172800000,\"expires\":\"2021-06-19T10:32:32.013Z\",\"secure\":false,\"httpOnly\":false,\"path\":\"/\",\"sameSite\":\"lax\"}","level":"info","timestamp":"2021-06-17T10:32:32.013Z"}
{"message":"IP: ::1, Username: KingCob, User Type: 1, Action: Retrieved User Scores (Easy, Medium, Hard), Cookie: {\"originalMaxAge\":172800000,\"expires\":\"2021-06-19T10:33:40.974Z\",\"secure\":false,\"httpOnly\":false,\"path\":\"/\",\"sameSite\":\"lax\"}","level":"info","timestamp":"2021-06-17T10:33:40.974Z"}
{"message":"IP: ::1, Username: KingCob, User Type: Anonymous, Action: Retrieved User Scores (Easy, Medium, Hard), Cookie: {\"originalMaxAge\":172800000,\"expires\":\"2021-06-19T10:33:40.974Z\",\"secure\":false,\"httpOnly\":false,\"path\":\"/\",\"sameSite\":\"lax\"}","level":"info","timestamp":"2021-06-17T10:33:40.974Z"}
{"message":"IP: ::1, Username: KingCob, User Type: Anonymous, Action: Updated Theme, Cookie: {\"originalMaxAge\":172800000,\"expires\":\"2021-06-19T10:33:47.414Z\",\"secure\":false,\"httpOnly\":false,\"path\":\"/\",\"sameSite\":\"lax\"}","level":"info","timestamp":"2021-06-17T10:33:47.415Z"}
{"message":"IP: ::1, Username: KingCob, User Type: 1, Action: Retrieved User Scores (Easy, Medium, Hard), Cookie: {\"originalMaxAge\":172800000,\"expires\":\"2021-06-19T10:33:47.721Z\",\"secure\":false,\"httpOnly\":false,\"path\":\"/\",\"sameSite\":\"lax\"}","level":"info","timestamp":"2021-06-17T10:33:47.722Z"}
{"message":"IP: ::1, Username: KingCob, User Type: Anonymous, Action: Retrieved User Scores (Easy, Medium, Hard), Cookie: {\"originalMaxAge\":172800000,\"expires\":\"2021-06-19T10:33:47.721Z\",\"secure\":false,\"httpOnly\":false,\"path\":\"/\",\"sameSite\":\"lax\"}","level":"info","timestamp":"2021-06-17T10:33:47.722Z"}
{"message":"IP: ::1, Username: KingCob, User Type: Anonymous, Action: Updated Biography,  Cookie: {\"originalMaxAge\":172800000,\"expires\":\"2021-06-19T10:33:52.123Z\",\"secure\":false,\"httpOnly\":false,\"path\":\"/\",\"sameSite\":\"lax\"}","level":"info","timestamp":"2021-06-17T10:33:52.124Z"}
{"message":"IP: ::1, Username: KingCob, User Type: Anonymous, Action: Updated Picture,  Cookie: {\"originalMaxAge\":172800000,\"expires\":\"2021-06-19T10:33:55.595Z\",\"secure\":false,\"httpOnly\":false,\"path\":\"/\",\"sameSite\":\"lax\"}","level":"info","timestamp":"2021-06-17T10:33:55.596Z"}
{"message":"IP: ::1, Username: KingCob, User Type: 1, Action: Retrieved User Scores (Easy, Medium, Hard), Cookie: {\"originalMaxAge\":172800000,\"expires\":\"2021-06-19T10:33:55.857Z\",\"secure\":false,\"httpOnly\":false,\"path\":\"/\",\"sameSite\":\"lax\"}","level":"info","timestamp":"2021-06-17T10:33:55.857Z"}
{"message":"IP: ::1, Username: KingCob, User Type: Anonymous, Action: Retrieved User Scores (Easy, Medium, Hard), Cookie: {\"originalMaxAge\":172800000,\"expires\":\"2021-06-19T10:33:55.857Z\",\"secure\":false,\"httpOnly\":false,\"path\":\"/\",\"sameSite\":\"lax\"}","level":"info","timestamp":"2021-06-17T10:33:55.858Z"}
{"message":"IP: ::1, Username: KingCob, User Type: Anonymous, Action: Updated Picture,  Cookie: {\"originalMaxAge\":172800000,\"expires\":\"2021-06-19T10:34:02.313Z\",\"secure\":false,\"httpOnly\":false,\"path\":\"/\",\"sameSite\":\"lax\"}","level":"info","timestamp":"2021-06-17T10:34:02.314Z"}
{"message":"IP: ::1, Username: KingCob, User Type: 1, Action: Retrieved User Scores (Easy, Medium, Hard), Cookie: {\"originalMaxAge\":172800000,\"expires\":\"2021-06-19T10:34:02.578Z\",\"secure\":false,\"httpOnly\":false,\"path\":\"/\",\"sameSite\":\"lax\"}","level":"info","timestamp":"2021-06-17T10:34:02.579Z"}
{"message":"IP: ::1, Username: KingCob, User Type: Anonymous, Action: Retrieved User Scores (Easy, Medium, Hard), Cookie: {\"originalMaxAge\":172800000,\"expires\":\"2021-06-19T10:34:02.578Z\",\"secure\":false,\"httpOnly\":false,\"path\":\"/\",\"sameSite\":\"lax\"}","level":"info","timestamp":"2021-06-17T10:34:02.579Z"}
{"message":"IP: ::1, Username: KingCob, User Type: Anonymous, Action: Updated Picture,  Cookie: {\"originalMaxAge\":172800000,\"expires\":\"2021-06-19T10:38:05.272Z\",\"secure\":false,\"httpOnly\":false,\"path\":\"/\",\"sameSite\":\"lax\"}","level":"info","timestamp":"2021-06-17T10:38:05.273Z"}
{"message":"IP: ::1, Username: KingCob, User Type: 1, Action: Retrieved User Scores (Easy, Medium, Hard), Cookie: {\"originalMaxAge\":172800000,\"expires\":\"2021-06-19T10:38:05.603Z\",\"secure\":false,\"httpOnly\":false,\"path\":\"/\",\"sameSite\":\"lax\"}","level":"info","timestamp":"2021-06-17T10:38:05.603Z"}
{"message":"IP: ::1, Username: KingCob, User Type: Anonymous, Action: Retrieved User Scores (Easy, Medium, Hard), Cookie: {\"originalMaxAge\":172800000,\"expires\":\"2021-06-19T10:38:05.603Z\",\"secure\":false,\"httpOnly\":false,\"path\":\"/\",\"sameSite\":\"lax\"}","level":"info","timestamp":"2021-06-17T10:38:05.603Z"}
{"message":"IP: ::1, Username: KingCob, User Type: 1, Action: Retrieved User Scores (Easy, Medium, Hard), Cookie: {\"originalMaxAge\":172800000,\"expires\":\"2021-06-19T10:38:45.488Z\",\"secure\":false,\"httpOnly\":false,\"path\":\"/\",\"sameSite\":\"lax\"}","level":"info","timestamp":"2021-06-17T10:38:45.488Z"}
{"message":"IP: ::1, Username: KingCob, User Type: Anonymous, Action: Retrieved User Scores (Easy, Medium, Hard), Cookie: {\"originalMaxAge\":172800000,\"expires\":\"2021-06-19T10:38:45.488Z\",\"secure\":false,\"httpOnly\":false,\"path\":\"/\",\"sameSite\":\"lax\"}","level":"info","timestamp":"2021-06-17T10:38:45.488Z"}
{"message":"IP: ::1, Username: KingCob, User Type: Anonymous, Action: Updated Picture,  Cookie: {\"originalMaxAge\":172800000,\"expires\":\"2021-06-19T10:38:50.440Z\",\"secure\":false,\"httpOnly\":false,\"path\":\"/\",\"sameSite\":\"lax\"}","level":"info","timestamp":"2021-06-17T10:38:50.441Z"}
{"message":"IP: ::1, Username: KingCob, User Type: 1, Action: Retrieved User Scores (Easy, Medium, Hard), Cookie: {\"originalMaxAge\":172800000,\"expires\":\"2021-06-19T10:38:50.698Z\",\"secure\":false,\"httpOnly\":false,\"path\":\"/\",\"sameSite\":\"lax\"}","level":"info","timestamp":"2021-06-17T10:38:50.699Z"}
{"message":"IP: ::1, Username: KingCob, User Type: Anonymous, Action: Retrieved User Scores (Easy, Medium, Hard), Cookie: {\"originalMaxAge\":172800000,\"expires\":\"2021-06-19T10:38:50.698Z\",\"secure\":false,\"httpOnly\":false,\"path\":\"/\",\"sameSite\":\"lax\"}","level":"info","timestamp":"2021-06-17T10:38:50.699Z"}
{"message":"IP: ::1, Username: KingCob, User Type: Anonymous, Action: Updated Picture,  Cookie: {\"originalMaxAge\":172800000,\"expires\":\"2021-06-19T10:38:56.440Z\",\"secure\":false,\"httpOnly\":false,\"path\":\"/\",\"sameSite\":\"lax\"}","level":"info","timestamp":"2021-06-17T10:38:56.441Z"}
{"message":"IP: ::1, Username: KingCob, User Type: 1, Action: Retrieved User Scores (Easy, Medium, Hard), Cookie: {\"originalMaxAge\":172800000,\"expires\":\"2021-06-19T10:38:56.696Z\",\"secure\":false,\"httpOnly\":false,\"path\":\"/\",\"sameSite\":\"lax\"}","level":"info","timestamp":"2021-06-17T10:38:56.697Z"}
{"message":"IP: ::1, Username: KingCob, User Type: Anonymous, Action: Retrieved User Scores (Easy, Medium, Hard), Cookie: {\"originalMaxAge\":172800000,\"expires\":\"2021-06-19T10:38:56.696Z\",\"secure\":false,\"httpOnly\":false,\"path\":\"/\",\"sameSite\":\"lax\"}","level":"info","timestamp":"2021-06-17T10:38:56.697Z"}
{"message":"IP: ::1, Username: KingCob, User Type: 1, Action: Retrieved User Scores (Easy, Medium, Hard), Cookie: {\"originalMaxAge\":172800000,\"expires\":\"2021-06-19T10:39:46.800Z\",\"secure\":false,\"httpOnly\":false,\"path\":\"/\",\"sameSite\":\"lax\"}","level":"info","timestamp":"2021-06-17T10:39:46.800Z"}
{"message":"IP: ::1, Username: KingCob, User Type: Anonymous, Action: Retrieved User Scores (Easy, Medium, Hard), Cookie: {\"originalMaxAge\":172800000,\"expires\":\"2021-06-19T10:39:46.800Z\",\"secure\":false,\"httpOnly\":false,\"path\":\"/\",\"sameSite\":\"lax\"}","level":"info","timestamp":"2021-06-17T10:39:46.801Z"}
{"message":"IP: ::1, Username: KingCob, User Type: Anonymous, Action: Updated Picture,  Cookie: {\"originalMaxAge\":172800000,\"expires\":\"2021-06-19T10:39:54.485Z\",\"secure\":false,\"httpOnly\":false,\"path\":\"/\",\"sameSite\":\"lax\"}","level":"info","timestamp":"2021-06-17T10:39:54.486Z"}
{"message":"IP: ::1, Username: KingCob, User Type: 1, Action: Retrieved User Scores (Easy, Medium, Hard), Cookie: {\"originalMaxAge\":172800000,\"expires\":\"2021-06-19T10:39:54.757Z\",\"secure\":false,\"httpOnly\":false,\"path\":\"/\",\"sameSite\":\"lax\"}","level":"info","timestamp":"2021-06-17T10:39:54.768Z"}
{"message":"IP: ::1, Username: KingCob, User Type: Anonymous, Action: Retrieved User Scores (Easy, Medium, Hard), Cookie: {\"originalMaxAge\":172800000,\"expires\":\"2021-06-19T10:39:54.757Z\",\"secure\":false,\"httpOnly\":false,\"path\":\"/\",\"sameSite\":\"lax\"}","level":"info","timestamp":"2021-06-17T10:39:54.768Z"}
{"message":"IP: ::1, Username: KingCob, User Type: Anonymous, Action: Updated Picture,  Cookie: {\"originalMaxAge\":172800000,\"expires\":\"2021-06-19T10:40:15.937Z\",\"secure\":false,\"httpOnly\":false,\"path\":\"/\",\"sameSite\":\"lax\"}","level":"info","timestamp":"2021-06-17T10:40:15.938Z"}
{"message":"IP: ::1, Username: KingCob, User Type: 1, Action: Retrieved User Scores (Easy, Medium, Hard), Cookie: {\"originalMaxAge\":172800000,\"expires\":\"2021-06-19T10:40:16.217Z\",\"secure\":false,\"httpOnly\":false,\"path\":\"/\",\"sameSite\":\"lax\"}","level":"info","timestamp":"2021-06-17T10:40:16.218Z"}
{"message":"IP: ::1, Username: KingCob, User Type: Anonymous, Action: Retrieved User Scores (Easy, Medium, Hard), Cookie: {\"originalMaxAge\":172800000,\"expires\":\"2021-06-19T10:40:16.217Z\",\"secure\":false,\"httpOnly\":false,\"path\":\"/\",\"sameSite\":\"lax\"}","level":"info","timestamp":"2021-06-17T10:40:16.218Z"}
{"message":"IP: ::1, Username: KingCob, User Type: Anonymous, Action: Updated Picture,  Cookie: {\"originalMaxAge\":172800000,\"expires\":\"2021-06-19T10:40:35.278Z\",\"secure\":false,\"httpOnly\":false,\"path\":\"/\",\"sameSite\":\"lax\"}","level":"info","timestamp":"2021-06-17T10:40:35.278Z"}
{"message":"IP: ::1, Username: KingCob, User Type: 1, Action: Retrieved User Scores (Easy, Medium, Hard), Cookie: {\"originalMaxAge\":172800000,\"expires\":\"2021-06-19T10:40:35.559Z\",\"secure\":false,\"httpOnly\":false,\"path\":\"/\",\"sameSite\":\"lax\"}","level":"info","timestamp":"2021-06-17T10:40:35.562Z"}
{"message":"IP: ::1, Username: KingCob, User Type: Anonymous, Action: Retrieved User Scores (Easy, Medium, Hard), Cookie: {\"originalMaxAge\":172800000,\"expires\":\"2021-06-19T10:40:35.559Z\",\"secure\":false,\"httpOnly\":false,\"path\":\"/\",\"sameSite\":\"lax\"}","level":"info","timestamp":"2021-06-17T10:40:35.562Z"}
{"message":"IP: ::1, Username: KingCob, User Type: Anonymous, Action: Logged Out,  Cookie: {\"originalMaxAge\":172800000,\"expires\":\"2021-06-19T10:40:35.278Z\",\"secure\":false,\"httpOnly\":false,\"path\":\"/\",\"sameSite\":\"lax\"}","level":"info","timestamp":"2021-06-17T10:40:38.109Z"}
{"message":"IP: ::1, Username: KingCob, User Type: Administrator, Action: Logged In,  Cookie: {\"originalMaxAge\":172800000,\"expires\":\"2021-06-19T10:40:42.997Z\",\"secure\":false,\"httpOnly\":false,\"path\":\"/\",\"sameSite\":\"lax\"}","level":"info","timestamp":"2021-06-17T10:40:42.997Z"}
{"message":"IP: ::1, Username: KingCob, User Type: 1, Action: Retrieved User Scores (Easy, Medium, Hard), Cookie: {\"originalMaxAge\":172800000,\"expires\":\"2021-06-19T10:40:47.731Z\",\"secure\":false,\"httpOnly\":false,\"path\":\"/\",\"sameSite\":\"lax\"}","level":"info","timestamp":"2021-06-17T10:40:47.732Z"}
{"message":"IP: ::1, Username: KingCob, User Type: Anonymous, Action: Retrieved User Scores (Easy, Medium, Hard), Cookie: {\"originalMaxAge\":172800000,\"expires\":\"2021-06-19T10:40:47.731Z\",\"secure\":false,\"httpOnly\":false,\"path\":\"/\",\"sameSite\":\"lax\"}","level":"info","timestamp":"2021-06-17T10:40:47.732Z"}
{"message":"IP: ::1, Username: KingCob, User Type: 1, Action: Retrieved User Scores (Easy, Medium, Hard), Cookie: {\"originalMaxAge\":172800000,\"expires\":\"2021-06-19T10:42:25.250Z\",\"secure\":false,\"httpOnly\":false,\"path\":\"/\",\"sameSite\":\"lax\"}","level":"info","timestamp":"2021-06-17T10:42:25.251Z"}
{"message":"IP: ::1, Username: KingCob, User Type: Anonymous, Action: Retrieved User Scores (Easy, Medium, Hard), Cookie: {\"originalMaxAge\":172800000,\"expires\":\"2021-06-19T10:42:25.250Z\",\"secure\":false,\"httpOnly\":false,\"path\":\"/\",\"sameSite\":\"lax\"}","level":"info","timestamp":"2021-06-17T10:42:25.252Z"}
{"message":"IP: ::1, Username: KingCob, User Type: Anonymous, Action: Logged Out,  Cookie: {\"originalMaxAge\":172800000,\"expires\":\"2021-06-19T10:40:42.997Z\",\"secure\":false,\"httpOnly\":false,\"path\":\"/\",\"sameSite\":\"lax\"}","level":"info","timestamp":"2021-06-17T10:42:32.191Z"}
{"message":"IP: ::1, Username: KingCob, User Type: Administrator, Action: Logged In,  Cookie: {\"originalMaxAge\":172800000,\"expires\":\"2021-06-19T10:42:43.915Z\",\"secure\":false,\"httpOnly\":false,\"path\":\"/\",\"sameSite\":\"lax\"}","level":"info","timestamp":"2021-06-17T10:42:43.916Z"}
{"message":"IP: ::1, Username: KingCob, User Type: 1, Action: Retrieved User Scores (Easy, Medium, Hard), Cookie: {\"originalMaxAge\":172800000,\"expires\":\"2021-06-19T10:42:55.577Z\",\"secure\":false,\"httpOnly\":false,\"path\":\"/\",\"sameSite\":\"lax\"}","level":"info","timestamp":"2021-06-17T10:42:55.577Z"}
{"message":"IP: ::1, Username: KingCob, User Type: Anonymous, Action: Retrieved User Scores (Easy, Medium, Hard), Cookie: {\"originalMaxAge\":172800000,\"expires\":\"2021-06-19T10:42:55.577Z\",\"secure\":false,\"httpOnly\":false,\"path\":\"/\",\"sameSite\":\"lax\"}","level":"info","timestamp":"2021-06-17T10:42:55.577Z"}
{"message":"IP: ::1, Username: KingCob, User Type: Anonymous, Action: Updated Picture,  Cookie: {\"originalMaxAge\":172800000,\"expires\":\"2021-06-19T10:43:16.617Z\",\"secure\":false,\"httpOnly\":false,\"path\":\"/\",\"sameSite\":\"lax\"}","level":"info","timestamp":"2021-06-17T10:43:16.618Z"}
{"message":"IP: ::1, Username: KingCob, User Type: 1, Action: Retrieved User Scores (Easy, Medium, Hard), Cookie: {\"originalMaxAge\":172800000,\"expires\":\"2021-06-19T10:43:16.965Z\",\"secure\":false,\"httpOnly\":false,\"path\":\"/\",\"sameSite\":\"lax\"}","level":"info","timestamp":"2021-06-17T10:43:16.965Z"}
{"message":"IP: ::1, Username: KingCob, User Type: Anonymous, Action: Retrieved User Scores (Easy, Medium, Hard), Cookie: {\"originalMaxAge\":172800000,\"expires\":\"2021-06-19T10:43:16.965Z\",\"secure\":false,\"httpOnly\":false,\"path\":\"/\",\"sameSite\":\"lax\"}","level":"info","timestamp":"2021-06-17T10:43:16.965Z"}
{"message":"IP: ::1, Username: KingCob, User Type: Anonymous, Action: Updated Picture,  Cookie: {\"originalMaxAge\":172800000,\"expires\":\"2021-06-19T10:45:27.503Z\",\"secure\":false,\"httpOnly\":false,\"path\":\"/\",\"sameSite\":\"lax\"}","level":"info","timestamp":"2021-06-17T10:45:27.506Z"}
{"message":"IP: ::1, Username: KingCob, User Type: 1, Action: Retrieved User Scores (Easy, Medium, Hard), Cookie: {\"originalMaxAge\":172800000,\"expires\":\"2021-06-19T10:45:27.764Z\",\"secure\":false,\"httpOnly\":false,\"path\":\"/\",\"sameSite\":\"lax\"}","level":"info","timestamp":"2021-06-17T10:45:27.765Z"}
{"message":"IP: ::1, Username: KingCob, User Type: Anonymous, Action: Retrieved User Scores (Easy, Medium, Hard), Cookie: {\"originalMaxAge\":172800000,\"expires\":\"2021-06-19T10:45:27.764Z\",\"secure\":false,\"httpOnly\":false,\"path\":\"/\",\"sameSite\":\"lax\"}","level":"info","timestamp":"2021-06-17T10:45:27.765Z"}
{"message":"IP: ::1, Username: KingCob, User Type: 1, Action: Retrieved User Scores (Easy, Medium, Hard), Cookie: {\"originalMaxAge\":172800000,\"expires\":\"2021-06-19T10:45:30.394Z\",\"secure\":false,\"httpOnly\":false,\"path\":\"/\",\"sameSite\":\"lax\"}","level":"info","timestamp":"2021-06-17T10:45:30.395Z"}
{"message":"IP: ::1, Username: KingCob, User Type: Anonymous, Action: Retrieved User Scores (Easy, Medium, Hard), Cookie: {\"originalMaxAge\":172800000,\"expires\":\"2021-06-19T10:45:30.394Z\",\"secure\":false,\"httpOnly\":false,\"path\":\"/\",\"sameSite\":\"lax\"}","level":"info","timestamp":"2021-06-17T10:45:30.395Z"}
{"message":"IP: ::1, Username: KingCob, User Type: Anonymous, Action: Updated Biography,  Cookie: {\"originalMaxAge\":172800000,\"expires\":\"2021-06-19T10:46:25.304Z\",\"secure\":false,\"httpOnly\":false,\"path\":\"/\",\"sameSite\":\"lax\"}","level":"info","timestamp":"2021-06-17T10:46:25.307Z"}
{"message":"IP: ::1, Username: KingCob, User Type: Anonymous, Action: Updated Biography,  Cookie: {\"originalMaxAge\":172800000,\"expires\":\"2021-06-19T10:46:32.877Z\",\"secure\":false,\"httpOnly\":false,\"path\":\"/\",\"sameSite\":\"lax\"}","level":"info","timestamp":"2021-06-17T10:46:32.878Z"}
{"message":"IP: ::1, Username: KingCob, User Type: Anonymous, Action: Updated Picture,  Cookie: {\"originalMaxAge\":172800000,\"expires\":\"2021-06-19T10:46:39.434Z\",\"secure\":false,\"httpOnly\":false,\"path\":\"/\",\"sameSite\":\"lax\"}","level":"info","timestamp":"2021-06-17T10:46:39.435Z"}
{"message":"IP: ::1, Username: KingCob, User Type: 1, Action: Retrieved User Scores (Easy, Medium, Hard), Cookie: {\"originalMaxAge\":172800000,\"expires\":\"2021-06-19T10:46:39.708Z\",\"secure\":false,\"httpOnly\":false,\"path\":\"/\",\"sameSite\":\"lax\"}","level":"info","timestamp":"2021-06-17T10:46:39.709Z"}
{"message":"IP: ::1, Username: KingCob, User Type: Anonymous, Action: Retrieved User Scores (Easy, Medium, Hard), Cookie: {\"originalMaxAge\":172800000,\"expires\":\"2021-06-19T10:46:39.708Z\",\"secure\":false,\"httpOnly\":false,\"path\":\"/\",\"sameSite\":\"lax\"}","level":"info","timestamp":"2021-06-17T10:46:39.709Z"}
{"message":"IP: ::1, Username: KingCob, User Type: 1, Action: Retrieved User Scores (Easy, Medium, Hard), Cookie: {\"originalMaxAge\":172800000,\"expires\":\"2021-06-19T10:47:42.884Z\",\"secure\":false,\"httpOnly\":false,\"path\":\"/\",\"sameSite\":\"lax\"}","level":"info","timestamp":"2021-06-17T10:47:42.884Z"}
{"message":"IP: ::1, Username: KingCob, User Type: Anonymous, Action: Retrieved User Scores (Easy, Medium, Hard), Cookie: {\"originalMaxAge\":172800000,\"expires\":\"2021-06-19T10:47:42.884Z\",\"secure\":false,\"httpOnly\":false,\"path\":\"/\",\"sameSite\":\"lax\"}","level":"info","timestamp":"2021-06-17T10:47:42.884Z"}
{"message":"IP: ::1, Username: KingCob, User Type: 1, Action: Retrieved User Scores (Easy, Medium, Hard), Cookie: {\"originalMaxAge\":172800000,\"expires\":\"2021-06-19T11:12:42.801Z\",\"secure\":false,\"httpOnly\":false,\"path\":\"/\",\"sameSite\":\"lax\"}","level":"info","timestamp":"2021-06-17T11:12:42.801Z"}
{"message":"IP: ::1, Username: KingCob, User Type: Anonymous, Action: Retrieved User Scores (Easy, Medium, Hard), Cookie: {\"originalMaxAge\":172800000,\"expires\":\"2021-06-19T11:12:42.801Z\",\"secure\":false,\"httpOnly\":false,\"path\":\"/\",\"sameSite\":\"lax\"}","level":"info","timestamp":"2021-06-17T11:12:42.801Z"}
{"message":"IP: ::1, Username: KingCob, User Type: Anonymous, Action: Logged Out,  Cookie: {\"originalMaxAge\":172800000,\"expires\":\"2021-06-19T10:46:39.434Z\",\"secure\":false,\"httpOnly\":false,\"path\":\"/\",\"sameSite\":\"lax\"}","level":"info","timestamp":"2021-06-17T12:29:04.579Z"}
{"message":"IP: ::1, Username: KingCob, User Type: Administrator, Action: Logged In,  Cookie: {\"originalMaxAge\":172800000,\"expires\":\"2021-06-19T12:36:13.605Z\",\"secure\":false,\"httpOnly\":false,\"path\":\"/\",\"sameSite\":\"lax\"}","level":"info","timestamp":"2021-06-17T12:36:13.606Z"}
{"message":"IP: ::1, Username: KingCob, User Type: Anonymous, Action: Logged Out,  Cookie: {\"originalMaxAge\":172800000,\"expires\":\"2021-06-19T12:36:13.605Z\",\"secure\":false,\"httpOnly\":false,\"path\":\"/\",\"sameSite\":\"lax\"}","level":"info","timestamp":"2021-06-17T12:36:58.310Z"}
{"message":"IP: ::1, Username: testuser, User Type: Registered, Action: Logged In, Cookie: {\"originalMaxAge\":172800000,\"expires\":\"2021-06-19T12:37:05.395Z\",\"secure\":false,\"httpOnly\":false,\"path\":\"/\",\"sameSite\":\"lax\"}","level":"info","timestamp":"2021-06-17T12:37:05.396Z"}
{"message":"IP: ::1, Username: testuser, User Type: Registered, Action: Logged Out, Cookie: {\"originalMaxAge\":172800000,\"expires\":\"2021-06-19T12:37:05.395Z\",\"secure\":false,\"httpOnly\":false,\"path\":\"/\",\"sameSite\":\"lax\"}","level":"info","timestamp":"2021-06-17T12:37:41.121Z"}
{"message":"IP: ::1, Username: screenshot, User Type: Registered, Action: Updated Easy Score, Cookie: {\"originalMaxAge\":172800000,\"expires\":\"2021-06-19T12:38:33.011Z\",\"secure\":false,\"httpOnly\":false,\"path\":\"/\",\"sameSite\":\"lax\"}","level":"info","timestamp":"2021-06-17T12:38:33.012Z"}
{"message":"IP: ::1, Username: screenshot, User Type: Registered, Action: Logged Out, Cookie: {\"originalMaxAge\":172800000,\"expires\":\"2021-06-19T12:38:15.643Z\",\"secure\":false,\"httpOnly\":false,\"path\":\"/\",\"sameSite\":\"lax\"}","level":"info","timestamp":"2021-06-17T12:39:05.454Z"}
{"message":"IP: ::1, Username: KingCob, User Type: Administrator, Action: Logged In,  Cookie: {\"originalMaxAge\":172800000,\"expires\":\"2021-06-19T12:39:11.681Z\",\"secure\":false,\"httpOnly\":false,\"path\":\"/\",\"sameSite\":\"lax\"}","level":"info","timestamp":"2021-06-17T12:39:11.681Z"}
